{"/Users/colevanacore/mod-4-projects/cross-poll-fe/components/apiKey.js": {"path":"/Users/colevanacore/mod-4-projects/cross-poll-fe/components/apiKey.js","statementMap":{"0":{"start":{"line":2,"column":15},"end":{"line":2,"column":49}}},"fnMap":{},"branchMap":{},"s":{"0":3},"f":{},"b":{},"_coverageSchema":"43e27e138ebf9cfc5966b082cf9a028302ed4184","hash":"04118a3c5f1f73e9e2705815d9ec81ef6ea72313"}
,"/Users/colevanacore/mod-4-projects/cross-poll-fe/components/App/App.js": {"path":"/Users/colevanacore/mod-4-projects/cross-poll-fe/components/App/App.js","statementMap":{"0":{"start":{"line":10,"column":4},"end":{"line":10,"column":11}},"1":{"start":{"line":11,"column":4},"end":{"line":16,"column":5}},"2":{"start":{"line":20,"column":4},"end":{"line":20,"column":53}},"3":{"start":{"line":24,"column":4},"end":{"line":24,"column":40}},"4":{"start":{"line":25,"column":4},"end":{"line":25,"column":20}},"5":{"start":{"line":29,"column":21},"end":{"line":32,"column":5}},"6":{"start":{"line":34,"column":4},"end":{"line":43,"column":39}},"7":{"start":{"line":41,"column":22},"end":{"line":41,"column":37}},"8":{"start":{"line":42,"column":20},"end":{"line":42,"column":39}},"9":{"start":{"line":43,"column":20},"end":{"line":43,"column":38}},"10":{"start":{"line":47,"column":4},"end":{"line":49,"column":6}},"11":{"start":{"line":53,"column":40},"end":{"line":53,"column":50}},"12":{"start":{"line":55,"column":4},"end":{"line":63,"column":5}},"13":{"start":{"line":56,"column":7},"end":{"line":58,"column":47}},"14":{"start":{"line":60,"column":6},"end":{"line":62,"column":30}},"15":{"start":{"line":64,"column":4},"end":{"line":69,"column":6}},"16":{"start":{"line":73,"column":15},"end":{"line":81,"column":2}}},"fnMap":{"0":{"name":"(anonymous_0)","decl":{"start":{"line":9,"column":2},"end":{"line":9,"column":3}},"loc":{"start":{"line":9,"column":16},"end":{"line":17,"column":3}},"line":9},"1":{"name":"(anonymous_1)","decl":{"start":{"line":19,"column":14},"end":{"line":19,"column":15}},"loc":{"start":{"line":19,"column":20},"end":{"line":21,"column":3}},"line":19},"2":{"name":"(anonymous_2)","decl":{"start":{"line":23,"column":20},"end":{"line":23,"column":21}},"loc":{"start":{"line":23,"column":31},"end":{"line":26,"column":3}},"line":23},"3":{"name":"(anonymous_3)","decl":{"start":{"line":28,"column":19},"end":{"line":28,"column":20}},"loc":{"start":{"line":28,"column":30},"end":{"line":44,"column":3}},"line":28},"4":{"name":"(anonymous_4)","decl":{"start":{"line":41,"column":10},"end":{"line":41,"column":11}},"loc":{"start":{"line":41,"column":22},"end":{"line":41,"column":37}},"line":41},"5":{"name":"(anonymous_5)","decl":{"start":{"line":42,"column":10},"end":{"line":42,"column":11}},"loc":{"start":{"line":42,"column":20},"end":{"line":42,"column":39}},"line":42},"6":{"name":"(anonymous_6)","decl":{"start":{"line":43,"column":11},"end":{"line":43,"column":12}},"loc":{"start":{"line":43,"column":20},"end":{"line":43,"column":38}},"line":43},"7":{"name":"(anonymous_7)","decl":{"start":{"line":46,"column":12},"end":{"line":46,"column":13}},"loc":{"start":{"line":46,"column":18},"end":{"line":50,"column":3}},"line":46},"8":{"name":"(anonymous_8)","decl":{"start":{"line":52,"column":2},"end":{"line":52,"column":3}},"loc":{"start":{"line":52,"column":11},"end":{"line":70,"column":3}},"line":52}},"branchMap":{"0":{"loc":{"start":{"line":55,"column":4},"end":{"line":63,"column":5}},"type":"if","locations":[{"start":{"line":55,"column":4},"end":{"line":63,"column":5}},{"start":{"line":55,"column":4},"end":{"line":63,"column":5}}],"line":55}},"s":{"0":3,"1":3,"2":1,"3":1,"4":1,"5":0,"6":0,"7":0,"8":0,"9":0,"10":1,"11":6,"12":6,"13":5,"14":1,"15":6,"16":1},"f":{"0":3,"1":1,"2":1,"3":0,"4":0,"5":0,"6":0,"7":1,"8":6},"b":{"0":[5,1]},"_coverageSchema":"43e27e138ebf9cfc5966b082cf9a028302ed4184","hash":"d33e33870708bbc681284d3e3298a4c0cb85dd77"}
,"/Users/colevanacore/mod-4-projects/cross-poll-fe/components/Error/Error.js": {"path":"/Users/colevanacore/mod-4-projects/cross-poll-fe/components/Error/Error.js","statementMap":{"0":{"start":{"line":6,"column":14},"end":{"line":21,"column":1}},"1":{"start":{"line":7,"column":4},"end":{"line":20,"column":5}},"2":{"start":{"line":23,"column":15},"end":{"line":33,"column":2}}},"fnMap":{"0":{"name":"(anonymous_0)","decl":{"start":{"line":6,"column":14},"end":{"line":6,"column":15}},"loc":{"start":{"line":6,"column":20},"end":{"line":21,"column":1}},"line":6}},"branchMap":{},"s":{"0":3,"1":1,"2":3},"f":{"0":1},"b":{},"_coverageSchema":"43e27e138ebf9cfc5966b082cf9a028302ed4184","hash":"598fd98aa9939a405ff7fb86478639241122418c"}
,"/Users/colevanacore/mod-4-projects/cross-poll-fe/components/Favorites/Favorites.js": {"path":"/Users/colevanacore/mod-4-projects/cross-poll-fe/components/Favorites/Favorites.js","statementMap":{"0":{"start":{"line":10,"column":4},"end":{"line":10,"column":16}},"1":{"start":{"line":11,"column":4},"end":{"line":17,"column":6}},"2":{"start":{"line":21,"column":4},"end":{"line":21,"column":27}},"3":{"start":{"line":22,"column":4},"end":{"line":28,"column":46}},"4":{"start":{"line":23,"column":22},"end":{"line":23,"column":37}},"5":{"start":{"line":24,"column":17},"end":{"line":24,"column":44}},"6":{"start":{"line":25,"column":22},"end":{"line":25,"column":59}},"7":{"start":{"line":26,"column":24},"end":{"line":26,"column":74}},"8":{"start":{"line":27,"column":24},"end":{"line":27,"column":55}},"9":{"start":{"line":28,"column":20},"end":{"line":28,"column":45}},"10":{"start":{"line":32,"column":14},"end":{"line":32,"column":94}},"11":{"start":{"line":33,"column":4},"end":{"line":37,"column":48}},"12":{"start":{"line":34,"column":24},"end":{"line":34,"column":39}},"13":{"start":{"line":35,"column":23},"end":{"line":35,"column":63}},"14":{"start":{"line":36,"column":28},"end":{"line":36,"column":66}},"15":{"start":{"line":37,"column":22},"end":{"line":37,"column":47}},"16":{"start":{"line":41,"column":4},"end":{"line":41,"column":27}},"17":{"start":{"line":42,"column":29},"end":{"line":42,"column":39}},"18":{"start":{"line":43,"column":21},"end":{"line":46,"column":5}},"19":{"start":{"line":47,"column":4},"end":{"line":56,"column":46}},"20":{"start":{"line":54,"column":22},"end":{"line":54,"column":37}},"21":{"start":{"line":55,"column":20},"end":{"line":55,"column":44}},"22":{"start":{"line":56,"column":20},"end":{"line":56,"column":45}},"23":{"start":{"line":60,"column":4},"end":{"line":60,"column":31}},"24":{"start":{"line":61,"column":4},"end":{"line":61,"column":30}},"25":{"start":{"line":65,"column":4},"end":{"line":67,"column":6}},"26":{"start":{"line":71,"column":29},"end":{"line":71,"column":39}},"27":{"start":{"line":72,"column":46},"end":{"line":72,"column":56}},"28":{"start":{"line":74,"column":16},"end":{"line":79,"column":6}},"29":{"start":{"line":80,"column":4},"end":{"line":82,"column":5}},"30":{"start":{"line":81,"column":6},"end":{"line":81,"column":59}},"31":{"start":{"line":83,"column":4},"end":{"line":110,"column":5}},"32":{"start":{"line":84,"column":8},"end":{"line":88,"column":9}},"33":{"start":{"line":89,"column":11},"end":{"line":110,"column":5}},"34":{"start":{"line":90,"column":6},"end":{"line":90,"column":88}},"35":{"start":{"line":92,"column":6},"end":{"line":109,"column":9}},"36":{"start":{"line":93,"column":9},"end":{"line":108,"column":10}},"37":{"start":{"line":95,"column":45},"end":{"line":95,"column":83}},"38":{"start":{"line":99,"column":45},"end":{"line":99,"column":75}},"39":{"start":{"line":111,"column":4},"end":{"line":126,"column":5}},"40":{"start":{"line":129,"column":15},"end":{"line":173,"column":2}}},"fnMap":{"0":{"name":"(anonymous_0)","decl":{"start":{"line":9,"column":2},"end":{"line":9,"column":3}},"loc":{"start":{"line":9,"column":21},"end":{"line":18,"column":3}},"line":9},"1":{"name":"(anonymous_1)","decl":{"start":{"line":20,"column":11},"end":{"line":20,"column":12}},"loc":{"start":{"line":20,"column":22},"end":{"line":29,"column":3}},"line":20},"2":{"name":"(anonymous_2)","decl":{"start":{"line":23,"column":10},"end":{"line":23,"column":11}},"loc":{"start":{"line":23,"column":22},"end":{"line":23,"column":37}},"line":23},"3":{"name":"(anonymous_3)","decl":{"start":{"line":24,"column":10},"end":{"line":24,"column":11}},"loc":{"start":{"line":24,"column":17},"end":{"line":24,"column":44}},"line":24},"4":{"name":"(anonymous_4)","decl":{"start":{"line":25,"column":10},"end":{"line":25,"column":11}},"loc":{"start":{"line":25,"column":22},"end":{"line":25,"column":59}},"line":25},"5":{"name":"(anonymous_5)","decl":{"start":{"line":26,"column":10},"end":{"line":26,"column":11}},"loc":{"start":{"line":26,"column":24},"end":{"line":26,"column":74}},"line":26},"6":{"name":"(anonymous_6)","decl":{"start":{"line":27,"column":10},"end":{"line":27,"column":11}},"loc":{"start":{"line":27,"column":24},"end":{"line":27,"column":55}},"line":27},"7":{"name":"(anonymous_7)","decl":{"start":{"line":28,"column":11},"end":{"line":28,"column":12}},"loc":{"start":{"line":28,"column":20},"end":{"line":28,"column":45}},"line":28},"8":{"name":"(anonymous_8)","decl":{"start":{"line":31,"column":17},"end":{"line":31,"column":18}},"loc":{"start":{"line":31,"column":32},"end":{"line":38,"column":3}},"line":31},"9":{"name":"(anonymous_9)","decl":{"start":{"line":34,"column":12},"end":{"line":34,"column":13}},"loc":{"start":{"line":34,"column":24},"end":{"line":34,"column":39}},"line":34},"10":{"name":"(anonymous_10)","decl":{"start":{"line":35,"column":12},"end":{"line":35,"column":13}},"loc":{"start":{"line":35,"column":23},"end":{"line":35,"column":63}},"line":35},"11":{"name":"(anonymous_11)","decl":{"start":{"line":36,"column":12},"end":{"line":36,"column":13}},"loc":{"start":{"line":36,"column":28},"end":{"line":36,"column":66}},"line":36},"12":{"name":"(anonymous_12)","decl":{"start":{"line":37,"column":13},"end":{"line":37,"column":14}},"loc":{"start":{"line":37,"column":22},"end":{"line":37,"column":47}},"line":37},"13":{"name":"(anonymous_13)","decl":{"start":{"line":40,"column":19},"end":{"line":40,"column":20}},"loc":{"start":{"line":40,"column":41},"end":{"line":57,"column":3}},"line":40},"14":{"name":"(anonymous_14)","decl":{"start":{"line":54,"column":10},"end":{"line":54,"column":11}},"loc":{"start":{"line":54,"column":22},"end":{"line":54,"column":37}},"line":54},"15":{"name":"(anonymous_15)","decl":{"start":{"line":55,"column":10},"end":{"line":55,"column":11}},"loc":{"start":{"line":55,"column":20},"end":{"line":55,"column":44}},"line":55},"16":{"name":"(anonymous_16)","decl":{"start":{"line":56,"column":11},"end":{"line":56,"column":12}},"loc":{"start":{"line":56,"column":20},"end":{"line":56,"column":45}},"line":56},"17":{"name":"(anonymous_17)","decl":{"start":{"line":59,"column":22},"end":{"line":59,"column":23}},"loc":{"start":{"line":59,"column":28},"end":{"line":62,"column":3}},"line":59},"18":{"name":"(anonymous_18)","decl":{"start":{"line":64,"column":11},"end":{"line":64,"column":12}},"loc":{"start":{"line":64,"column":17},"end":{"line":68,"column":3}},"line":64},"19":{"name":"(anonymous_19)","decl":{"start":{"line":70,"column":2},"end":{"line":70,"column":3}},"loc":{"start":{"line":70,"column":11},"end":{"line":127,"column":3}},"line":70},"20":{"name":"(anonymous_20)","decl":{"start":{"line":92,"column":33},"end":{"line":92,"column":34}},"loc":{"start":{"line":92,"column":50},"end":{"line":109,"column":8}},"line":92},"21":{"name":"(anonymous_21)","decl":{"start":{"line":95,"column":39},"end":{"line":95,"column":40}},"loc":{"start":{"line":95,"column":45},"end":{"line":95,"column":83}},"line":95},"22":{"name":"(anonymous_22)","decl":{"start":{"line":99,"column":39},"end":{"line":99,"column":40}},"loc":{"start":{"line":99,"column":45},"end":{"line":99,"column":75}},"line":99}},"branchMap":{"0":{"loc":{"start":{"line":75,"column":10},"end":{"line":75,"column":66}},"type":"cond-expr","locations":[{"start":{"line":75,"column":36},"end":{"line":75,"column":50}},{"start":{"line":75,"column":53},"end":{"line":75,"column":66}}],"line":75},"1":{"loc":{"start":{"line":80,"column":4},"end":{"line":82,"column":5}},"type":"if","locations":[{"start":{"line":80,"column":4},"end":{"line":82,"column":5}},{"start":{"line":80,"column":4},"end":{"line":82,"column":5}}],"line":80},"2":{"loc":{"start":{"line":83,"column":4},"end":{"line":110,"column":5}},"type":"if","locations":[{"start":{"line":83,"column":4},"end":{"line":110,"column":5}},{"start":{"line":83,"column":4},"end":{"line":110,"column":5}}],"line":83},"3":{"loc":{"start":{"line":89,"column":11},"end":{"line":110,"column":5}},"type":"if","locations":[{"start":{"line":89,"column":11},"end":{"line":110,"column":5}},{"start":{"line":89,"column":11},"end":{"line":110,"column":5}}],"line":89}},"s":{"0":3,"1":3,"2":0,"3":0,"4":0,"5":0,"6":0,"7":0,"8":0,"9":0,"10":0,"11":0,"12":0,"13":0,"14":0,"15":0,"16":0,"17":0,"18":0,"19":0,"20":0,"21":0,"22":0,"23":0,"24":0,"25":1,"26":4,"27":4,"28":4,"29":4,"30":0,"31":4,"32":0,"33":4,"34":4,"35":0,"36":0,"37":0,"38":0,"39":4,"40":3},"f":{"0":3,"1":0,"2":0,"3":0,"4":0,"5":0,"6":0,"7":0,"8":0,"9":0,"10":0,"11":0,"12":0,"13":0,"14":0,"15":0,"16":0,"17":0,"18":1,"19":4,"20":0,"21":0,"22":0},"b":{"0":[0,4],"1":[0,4],"2":[0,4],"3":[4,0]},"_coverageSchema":"43e27e138ebf9cfc5966b082cf9a028302ed4184","hash":"0d79c594215b1562e5c78c2de0621eda138afd28"}
,"/Users/colevanacore/mod-4-projects/cross-poll-fe/components/Filter/Filter.js": {"path":"/Users/colevanacore/mod-4-projects/cross-poll-fe/components/Filter/Filter.js","statementMap":{"0":{"start":{"line":10,"column":4},"end":{"line":10,"column":16}},"1":{"start":{"line":11,"column":4},"end":{"line":16,"column":5}},"2":{"start":{"line":20,"column":4},"end":{"line":22,"column":6}},"3":{"start":{"line":26,"column":4},"end":{"line":28,"column":7}},"4":{"start":{"line":32,"column":4},"end":{"line":34,"column":7}},"5":{"start":{"line":38,"column":4},"end":{"line":40,"column":7}},"6":{"start":{"line":44,"column":26},"end":{"line":44,"column":82}},"7":{"start":{"line":45,"column":27},"end":{"line":45,"column":85}},"8":{"start":{"line":46,"column":4},"end":{"line":50,"column":5}},"9":{"start":{"line":54,"column":4},"end":{"line":56,"column":18}},"10":{"start":{"line":62,"column":26},"end":{"line":68,"column":5}},"11":{"start":{"line":70,"column":24},"end":{"line":74,"column":5}},"12":{"start":{"line":76,"column":26},"end":{"line":79,"column":5}},"13":{"start":{"line":81,"column":4},"end":{"line":139,"column":5}},"14":{"start":{"line":82,"column":6},"end":{"line":135,"column":7}},"15":{"start":{"line":130,"column":27},"end":{"line":130,"column":64}},"16":{"start":{"line":138,"column":6},"end":{"line":138,"column":17}},"17":{"start":{"line":143,"column":15},"end":{"line":260,"column":2}}},"fnMap":{"0":{"name":"(anonymous_0)","decl":{"start":{"line":9,"column":2},"end":{"line":9,"column":3}},"loc":{"start":{"line":9,"column":21},"end":{"line":17,"column":3}},"line":9},"1":{"name":"(anonymous_1)","decl":{"start":{"line":19,"column":23},"end":{"line":19,"column":24}},"loc":{"start":{"line":19,"column":34},"end":{"line":23,"column":3}},"line":19},"2":{"name":"(anonymous_2)","decl":{"start":{"line":25,"column":22},"end":{"line":25,"column":23}},"loc":{"start":{"line":25,"column":42},"end":{"line":29,"column":3}},"line":25},"3":{"name":"(anonymous_3)","decl":{"start":{"line":31,"column":20},"end":{"line":31,"column":21}},"loc":{"start":{"line":31,"column":38},"end":{"line":35,"column":3}},"line":31},"4":{"name":"(anonymous_4)","decl":{"start":{"line":37,"column":22},"end":{"line":37,"column":23}},"loc":{"start":{"line":37,"column":42},"end":{"line":41,"column":3}},"line":37},"5":{"name":"(anonymous_5)","decl":{"start":{"line":43,"column":17},"end":{"line":43,"column":18}},"loc":{"start":{"line":43,"column":56},"end":{"line":51,"column":3}},"line":43},"6":{"name":"(anonymous_6)","decl":{"start":{"line":53,"column":20},"end":{"line":53,"column":21}},"loc":{"start":{"line":53,"column":37},"end":{"line":57,"column":3}},"line":53},"7":{"name":"(anonymous_7)","decl":{"start":{"line":61,"column":2},"end":{"line":61,"column":3}},"loc":{"start":{"line":61,"column":11},"end":{"line":140,"column":3}},"line":61},"8":{"name":"(anonymous_8)","decl":{"start":{"line":130,"column":23},"end":{"line":130,"column":24}},"loc":{"start":{"line":130,"column":27},"end":{"line":130,"column":64}},"line":130}},"branchMap":{"0":{"loc":{"start":{"line":44,"column":26},"end":{"line":44,"column":82}},"type":"cond-expr","locations":[{"start":{"line":44,"column":37},"end":{"line":44,"column":57}},{"start":{"line":44,"column":60},"end":{"line":44,"column":82}}],"line":44},"1":{"loc":{"start":{"line":45,"column":27},"end":{"line":45,"column":85}},"type":"cond-expr","locations":[{"start":{"line":45,"column":38},"end":{"line":45,"column":64}},{"start":{"line":45,"column":67},"end":{"line":45,"column":85}}],"line":45},"2":{"loc":{"start":{"line":81,"column":4},"end":{"line":139,"column":5}},"type":"if","locations":[{"start":{"line":81,"column":4},"end":{"line":139,"column":5}},{"start":{"line":81,"column":4},"end":{"line":139,"column":5}}],"line":81}},"s":{"0":5,"1":5,"2":1,"3":1,"4":1,"5":1,"6":0,"7":0,"8":0,"9":0,"10":9,"11":9,"12":9,"13":9,"14":9,"15":0,"16":0,"17":3},"f":{"0":5,"1":1,"2":1,"3":1,"4":1,"5":0,"6":0,"7":9,"8":0},"b":{"0":[0,0],"1":[0,0],"2":[9,0]},"_coverageSchema":"43e27e138ebf9cfc5966b082cf9a028302ed4184","hash":"2ad7ca98ec491f8992b556503d0b8ce6bab873db"}
,"/Users/colevanacore/mod-4-projects/cross-poll-fe/components/Home/Home.js": {"path":"/Users/colevanacore/mod-4-projects/cross-poll-fe/components/Home/Home.js","statementMap":{"0":{"start":{"line":13,"column":4},"end":{"line":13,"column":16}},"1":{"start":{"line":14,"column":4},"end":{"line":29,"column":5}},"2":{"start":{"line":33,"column":4},"end":{"line":33,"column":23}},"3":{"start":{"line":34,"column":4},"end":{"line":34,"column":25}},"4":{"start":{"line":38,"column":4},"end":{"line":40,"column":6}},"5":{"start":{"line":44,"column":4},"end":{"line":47,"column":42}},"6":{"start":{"line":45,"column":24},"end":{"line":45,"column":39}},"7":{"start":{"line":46,"column":22},"end":{"line":46,"column":49}},"8":{"start":{"line":47,"column":22},"end":{"line":47,"column":41}},"9":{"start":{"line":51,"column":4},"end":{"line":53,"column":6}},"10":{"start":{"line":57,"column":4},"end":{"line":59,"column":6}},"11":{"start":{"line":63,"column":16},"end":{"line":63,"column":114}},"12":{"start":{"line":64,"column":4},"end":{"line":70,"column":6}},"13":{"start":{"line":71,"column":4},"end":{"line":71,"column":30}},"14":{"start":{"line":75,"column":4},"end":{"line":80,"column":42}},"15":{"start":{"line":76,"column":24},"end":{"line":76,"column":39}},"16":{"start":{"line":77,"column":20},"end":{"line":77,"column":54}},"17":{"start":{"line":78,"column":25},"end":{"line":78,"column":60}},"18":{"start":{"line":79,"column":25},"end":{"line":79,"column":44}},"19":{"start":{"line":80,"column":22},"end":{"line":80,"column":41}},"20":{"start":{"line":84,"column":45},"end":{"line":84,"column":58}},"21":{"start":{"line":86,"column":4},"end":{"line":95,"column":5}},"22":{"start":{"line":88,"column":8},"end":{"line":88,"column":20}},"23":{"start":{"line":89,"column":6},"end":{"line":89,"column":12}},"24":{"start":{"line":91,"column":8},"end":{"line":91,"column":20}},"25":{"start":{"line":92,"column":6},"end":{"line":92,"column":12}},"26":{"start":{"line":94,"column":8},"end":{"line":94,"column":19}},"27":{"start":{"line":96,"column":16},"end":{"line":96,"column":182}},"28":{"start":{"line":98,"column":4},"end":{"line":98,"column":29}},"29":{"start":{"line":99,"column":4},"end":{"line":99,"column":38}},"30":{"start":{"line":103,"column":34},"end":{"line":103,"column":44}},"31":{"start":{"line":104,"column":20},"end":{"line":104,"column":47}},"32":{"start":{"line":105,"column":4},"end":{"line":109,"column":40}},"33":{"start":{"line":106,"column":22},"end":{"line":106,"column":37}},"34":{"start":{"line":107,"column":21},"end":{"line":107,"column":61}},"35":{"start":{"line":108,"column":26},"end":{"line":108,"column":80}},"36":{"start":{"line":109,"column":20},"end":{"line":109,"column":39}},"37":{"start":{"line":113,"column":21},"end":{"line":116,"column":5}},"38":{"start":{"line":117,"column":4},"end":{"line":126,"column":40}},"39":{"start":{"line":124,"column":22},"end":{"line":124,"column":37}},"40":{"start":{"line":125,"column":20},"end":{"line":125,"column":41}},"41":{"start":{"line":126,"column":20},"end":{"line":126,"column":39}},"42":{"start":{"line":131,"column":4},"end":{"line":135,"column":40}},"43":{"start":{"line":132,"column":22},"end":{"line":132,"column":37}},"44":{"start":{"line":133,"column":23},"end":{"line":133,"column":65}},"45":{"start":{"line":134,"column":20},"end":{"line":134,"column":39}},"46":{"start":{"line":135,"column":20},"end":{"line":135,"column":39}},"47":{"start":{"line":139,"column":4},"end":{"line":143,"column":6}},"48":{"start":{"line":140,"column":5},"end":{"line":142,"column":108}},"49":{"start":{"line":141,"column":24},"end":{"line":141,"column":39}},"50":{"start":{"line":142,"column":22},"end":{"line":142,"column":107}},"51":{"start":{"line":147,"column":4},"end":{"line":147,"column":39}},"52":{"start":{"line":148,"column":17},"end":{"line":157,"column":6}},"53":{"start":{"line":149,"column":6},"end":{"line":156,"column":7}},"54":{"start":{"line":150,"column":16},"end":{"line":150,"column":114}},"55":{"start":{"line":151,"column":6},"end":{"line":151,"column":33}},"56":{"start":{"line":152,"column":23},"end":{"line":152,"column":39}},"57":{"start":{"line":153,"column":6},"end":{"line":153,"column":28}},"58":{"start":{"line":155,"column":8},"end":{"line":155,"column":24}},"59":{"start":{"line":158,"column":22},"end":{"line":158,"column":45}},"60":{"start":{"line":159,"column":24},"end":{"line":159,"column":49}},"61":{"start":{"line":160,"column":4},"end":{"line":161,"column":25}},"62":{"start":{"line":165,"column":21},"end":{"line":167,"column":6}},"63":{"start":{"line":166,"column":8},"end":{"line":166,"column":32}},"64":{"start":{"line":168,"column":4},"end":{"line":168,"column":57}},"65":{"start":{"line":168,"column":35},"end":{"line":168,"column":56}},"66":{"start":{"line":172,"column":4},"end":{"line":181,"column":5}},"67":{"start":{"line":173,"column":6},"end":{"line":175,"column":8}},"68":{"start":{"line":177,"column":21},"end":{"line":177,"column":66}},"69":{"start":{"line":178,"column":6},"end":{"line":180,"column":8}},"70":{"start":{"line":185,"column":4},"end":{"line":187,"column":6}},"71":{"start":{"line":191,"column":4},"end":{"line":193,"column":6}},"72":{"start":{"line":197,"column":4},"end":{"line":199,"column":6}},"73":{"start":{"line":200,"column":4},"end":{"line":200,"column":25}},"74":{"start":{"line":204,"column":4},"end":{"line":207,"column":6}},"75":{"start":{"line":212,"column":90},"end":{"line":212,"column":100}},"76":{"start":{"line":213,"column":37},"end":{"line":213,"column":47}},"77":{"start":{"line":214,"column":3},"end":{"line":218,"column":4}},"78":{"start":{"line":215,"column":5},"end":{"line":217,"column":6}},"79":{"start":{"line":219,"column":4},"end":{"line":271,"column":5}},"80":{"start":{"line":220,"column":6},"end":{"line":241,"column":7}},"81":{"start":{"line":242,"column":11},"end":{"line":271,"column":5}},"82":{"start":{"line":243,"column":6},"end":{"line":247,"column":7}},"83":{"start":{"line":248,"column":11},"end":{"line":271,"column":5}},"84":{"start":{"line":249,"column":6},"end":{"line":258,"column":7}},"85":{"start":{"line":259,"column":11},"end":{"line":271,"column":5}},"86":{"start":{"line":260,"column":6},"end":{"line":270,"column":7}},"87":{"start":{"line":275,"column":15},"end":{"line":313,"column":2}}},"fnMap":{"0":{"name":"(anonymous_0)","decl":{"start":{"line":12,"column":2},"end":{"line":12,"column":3}},"loc":{"start":{"line":12,"column":21},"end":{"line":30,"column":3}},"line":12},"1":{"name":"(anonymous_1)","decl":{"start":{"line":32,"column":2},"end":{"line":32,"column":3}},"loc":{"start":{"line":32,"column":22},"end":{"line":35,"column":3}},"line":32},"2":{"name":"(anonymous_2)","decl":{"start":{"line":37,"column":17},"end":{"line":37,"column":18}},"loc":{"start":{"line":37,"column":23},"end":{"line":41,"column":3}},"line":37},"3":{"name":"(anonymous_3)","decl":{"start":{"line":43,"column":17},"end":{"line":43,"column":18}},"loc":{"start":{"line":43,"column":23},"end":{"line":48,"column":3}},"line":43},"4":{"name":"(anonymous_4)","decl":{"start":{"line":45,"column":12},"end":{"line":45,"column":13}},"loc":{"start":{"line":45,"column":24},"end":{"line":45,"column":39}},"line":45},"5":{"name":"(anonymous_5)","decl":{"start":{"line":46,"column":12},"end":{"line":46,"column":13}},"loc":{"start":{"line":46,"column":22},"end":{"line":46,"column":49}},"line":46},"6":{"name":"(anonymous_6)","decl":{"start":{"line":47,"column":13},"end":{"line":47,"column":14}},"loc":{"start":{"line":47,"column":22},"end":{"line":47,"column":41}},"line":47},"7":{"name":"(anonymous_7)","decl":{"start":{"line":50,"column":15},"end":{"line":50,"column":16}},"loc":{"start":{"line":50,"column":21},"end":{"line":54,"column":3}},"line":50},"8":{"name":"(anonymous_8)","decl":{"start":{"line":56,"column":17},"end":{"line":56,"column":18}},"loc":{"start":{"line":56,"column":23},"end":{"line":60,"column":3}},"line":56},"9":{"name":"(anonymous_9)","decl":{"start":{"line":62,"column":19},"end":{"line":62,"column":20}},"loc":{"start":{"line":62,"column":31},"end":{"line":72,"column":3}},"line":62},"10":{"name":"(anonymous_10)","decl":{"start":{"line":74,"column":20},"end":{"line":74,"column":21}},"loc":{"start":{"line":74,"column":29},"end":{"line":81,"column":3}},"line":74},"11":{"name":"(anonymous_11)","decl":{"start":{"line":76,"column":12},"end":{"line":76,"column":13}},"loc":{"start":{"line":76,"column":24},"end":{"line":76,"column":39}},"line":76},"12":{"name":"(anonymous_12)","decl":{"start":{"line":77,"column":12},"end":{"line":77,"column":13}},"loc":{"start":{"line":77,"column":20},"end":{"line":77,"column":54}},"line":77},"13":{"name":"(anonymous_13)","decl":{"start":{"line":78,"column":12},"end":{"line":78,"column":13}},"loc":{"start":{"line":78,"column":25},"end":{"line":78,"column":60}},"line":78},"14":{"name":"(anonymous_14)","decl":{"start":{"line":79,"column":12},"end":{"line":79,"column":13}},"loc":{"start":{"line":79,"column":25},"end":{"line":79,"column":44}},"line":79},"15":{"name":"(anonymous_15)","decl":{"start":{"line":80,"column":13},"end":{"line":80,"column":14}},"loc":{"start":{"line":80,"column":22},"end":{"line":80,"column":41}},"line":80},"16":{"name":"(anonymous_16)","decl":{"start":{"line":83,"column":19},"end":{"line":83,"column":20}},"loc":{"start":{"line":83,"column":38},"end":{"line":100,"column":3}},"line":83},"17":{"name":"(anonymous_17)","decl":{"start":{"line":102,"column":17},"end":{"line":102,"column":18}},"loc":{"start":{"line":102,"column":23},"end":{"line":110,"column":3}},"line":102},"18":{"name":"(anonymous_18)","decl":{"start":{"line":106,"column":10},"end":{"line":106,"column":11}},"loc":{"start":{"line":106,"column":22},"end":{"line":106,"column":37}},"line":106},"19":{"name":"(anonymous_19)","decl":{"start":{"line":107,"column":10},"end":{"line":107,"column":11}},"loc":{"start":{"line":107,"column":21},"end":{"line":107,"column":61}},"line":107},"20":{"name":"(anonymous_20)","decl":{"start":{"line":108,"column":10},"end":{"line":108,"column":11}},"loc":{"start":{"line":108,"column":26},"end":{"line":108,"column":80}},"line":108},"21":{"name":"(anonymous_21)","decl":{"start":{"line":109,"column":11},"end":{"line":109,"column":12}},"loc":{"start":{"line":109,"column":20},"end":{"line":109,"column":39}},"line":109},"22":{"name":"(anonymous_22)","decl":{"start":{"line":112,"column":19},"end":{"line":112,"column":20}},"loc":{"start":{"line":112,"column":30},"end":{"line":127,"column":5}},"line":112},"23":{"name":"(anonymous_23)","decl":{"start":{"line":124,"column":10},"end":{"line":124,"column":11}},"loc":{"start":{"line":124,"column":22},"end":{"line":124,"column":37}},"line":124},"24":{"name":"(anonymous_24)","decl":{"start":{"line":125,"column":10},"end":{"line":125,"column":11}},"loc":{"start":{"line":125,"column":20},"end":{"line":125,"column":41}},"line":125},"25":{"name":"(anonymous_25)","decl":{"start":{"line":126,"column":11},"end":{"line":126,"column":12}},"loc":{"start":{"line":126,"column":20},"end":{"line":126,"column":39}},"line":126},"26":{"name":"(anonymous_26)","decl":{"start":{"line":130,"column":19},"end":{"line":130,"column":20}},"loc":{"start":{"line":130,"column":25},"end":{"line":136,"column":3}},"line":130},"27":{"name":"(anonymous_27)","decl":{"start":{"line":132,"column":10},"end":{"line":132,"column":11}},"loc":{"start":{"line":132,"column":22},"end":{"line":132,"column":37}},"line":132},"28":{"name":"(anonymous_28)","decl":{"start":{"line":133,"column":10},"end":{"line":133,"column":11}},"loc":{"start":{"line":133,"column":23},"end":{"line":133,"column":65}},"line":133},"29":{"name":"(anonymous_29)","decl":{"start":{"line":134,"column":10},"end":{"line":134,"column":11}},"loc":{"start":{"line":134,"column":20},"end":{"line":134,"column":39}},"line":134},"30":{"name":"(anonymous_30)","decl":{"start":{"line":135,"column":11},"end":{"line":135,"column":12}},"loc":{"start":{"line":135,"column":20},"end":{"line":135,"column":39}},"line":135},"31":{"name":"(anonymous_31)","decl":{"start":{"line":138,"column":19},"end":{"line":138,"column":20}},"loc":{"start":{"line":138,"column":33},"end":{"line":144,"column":3}},"line":138},"32":{"name":"(anonymous_32)","decl":{"start":{"line":139,"column":24},"end":{"line":139,"column":25}},"loc":{"start":{"line":139,"column":36},"end":{"line":143,"column":5}},"line":139},"33":{"name":"(anonymous_33)","decl":{"start":{"line":141,"column":12},"end":{"line":141,"column":13}},"loc":{"start":{"line":141,"column":24},"end":{"line":141,"column":39}},"line":141},"34":{"name":"(anonymous_34)","decl":{"start":{"line":142,"column":12},"end":{"line":142,"column":13}},"loc":{"start":{"line":142,"column":22},"end":{"line":142,"column":107}},"line":142},"35":{"name":"(anonymous_35)","decl":{"start":{"line":146,"column":17},"end":{"line":146,"column":18}},"loc":{"start":{"line":146,"column":29},"end":{"line":162,"column":3}},"line":146},"36":{"name":"(anonymous_36)","decl":{"start":{"line":148,"column":48},"end":{"line":148,"column":49}},"loc":{"start":{"line":148,"column":66},"end":{"line":157,"column":5}},"line":148},"37":{"name":"(anonymous_37)","decl":{"start":{"line":164,"column":14},"end":{"line":164,"column":15}},"loc":{"start":{"line":164,"column":24},"end":{"line":169,"column":3}},"line":164},"38":{"name":"(anonymous_38)","decl":{"start":{"line":165,"column":33},"end":{"line":165,"column":34}},"loc":{"start":{"line":165,"column":40},"end":{"line":167,"column":5}},"line":165},"39":{"name":"(anonymous_39)","decl":{"start":{"line":168,"column":24},"end":{"line":168,"column":25}},"loc":{"start":{"line":168,"column":35},"end":{"line":168,"column":56}},"line":168},"40":{"name":"(anonymous_40)","decl":{"start":{"line":171,"column":14},"end":{"line":171,"column":15}},"loc":{"start":{"line":171,"column":27},"end":{"line":182,"column":3}},"line":171},"41":{"name":"(anonymous_41)","decl":{"start":{"line":184,"column":13},"end":{"line":184,"column":14}},"loc":{"start":{"line":184,"column":19},"end":{"line":188,"column":3}},"line":184},"42":{"name":"(anonymous_42)","decl":{"start":{"line":190,"column":15},"end":{"line":190,"column":16}},"loc":{"start":{"line":190,"column":21},"end":{"line":194,"column":2}},"line":190},"43":{"name":"(anonymous_43)","decl":{"start":{"line":196,"column":18},"end":{"line":196,"column":19}},"loc":{"start":{"line":196,"column":24},"end":{"line":201,"column":3}},"line":196},"44":{"name":"(anonymous_44)","decl":{"start":{"line":203,"column":15},"end":{"line":203,"column":16}},"loc":{"start":{"line":203,"column":21},"end":{"line":208,"column":3}},"line":203},"45":{"name":"(anonymous_45)","decl":{"start":{"line":211,"column":2},"end":{"line":211,"column":3}},"loc":{"start":{"line":211,"column":11},"end":{"line":272,"column":3}},"line":211}},"branchMap":{"0":{"loc":{"start":{"line":86,"column":4},"end":{"line":95,"column":5}},"type":"switch","locations":[{"start":{"line":87,"column":6},"end":{"line":89,"column":12}},{"start":{"line":90,"column":6},"end":{"line":92,"column":12}},{"start":{"line":93,"column":6},"end":{"line":94,"column":19}}],"line":86},"1":{"loc":{"start":{"line":172,"column":4},"end":{"line":181,"column":5}},"type":"if","locations":[{"start":{"line":172,"column":4},"end":{"line":181,"column":5}},{"start":{"line":172,"column":4},"end":{"line":181,"column":5}}],"line":172},"2":{"loc":{"start":{"line":214,"column":3},"end":{"line":218,"column":4}},"type":"if","locations":[{"start":{"line":214,"column":3},"end":{"line":218,"column":4}},{"start":{"line":214,"column":3},"end":{"line":218,"column":4}}],"line":214},"3":{"loc":{"start":{"line":219,"column":4},"end":{"line":271,"column":5}},"type":"if","locations":[{"start":{"line":219,"column":4},"end":{"line":271,"column":5}},{"start":{"line":219,"column":4},"end":{"line":271,"column":5}}],"line":219},"4":{"loc":{"start":{"line":219,"column":7},"end":{"line":219,"column":49}},"type":"binary-expr","locations":[{"start":{"line":219,"column":7},"end":{"line":219,"column":18}},{"start":{"line":219,"column":22},"end":{"line":219,"column":31}},{"start":{"line":219,"column":35},"end":{"line":219,"column":49}}],"line":219},"5":{"loc":{"start":{"line":236,"column":21},"end":{"line":236,"column":75}},"type":"cond-expr","locations":[{"start":{"line":236,"column":42},"end":{"line":236,"column":55}},{"start":{"line":236,"column":58},"end":{"line":236,"column":75}}],"line":236},"6":{"loc":{"start":{"line":242,"column":11},"end":{"line":271,"column":5}},"type":"if","locations":[{"start":{"line":242,"column":11},"end":{"line":271,"column":5}},{"start":{"line":242,"column":11},"end":{"line":271,"column":5}}],"line":242},"7":{"loc":{"start":{"line":248,"column":11},"end":{"line":271,"column":5}},"type":"if","locations":[{"start":{"line":248,"column":11},"end":{"line":271,"column":5}},{"start":{"line":248,"column":11},"end":{"line":271,"column":5}}],"line":248},"8":{"loc":{"start":{"line":259,"column":11},"end":{"line":271,"column":5}},"type":"if","locations":[{"start":{"line":259,"column":11},"end":{"line":271,"column":5}},{"start":{"line":259,"column":11},"end":{"line":271,"column":5}}],"line":259}},"s":{"0":10,"1":10,"2":10,"3":10,"4":0,"5":10,"6":0,"7":0,"8":0,"9":0,"10":0,"11":0,"12":0,"13":0,"14":0,"15":0,"16":0,"17":0,"18":0,"19":0,"20":0,"21":0,"22":0,"23":0,"24":0,"25":0,"26":0,"27":0,"28":0,"29":0,"30":0,"31":0,"32":0,"33":0,"34":0,"35":0,"36":0,"37":0,"38":0,"39":0,"40":0,"41":0,"42":11,"43":0,"44":0,"45":0,"46":0,"47":0,"48":0,"49":0,"50":0,"51":0,"52":0,"53":0,"54":0,"55":0,"56":0,"57":0,"58":0,"59":0,"60":0,"61":0,"62":0,"63":0,"64":0,"65":0,"66":0,"67":0,"68":0,"69":0,"70":1,"71":1,"72":1,"73":1,"74":1,"75":14,"76":14,"77":14,"78":0,"79":14,"80":11,"81":3,"82":1,"83":2,"84":1,"85":1,"86":1,"87":2},"f":{"0":10,"1":10,"2":0,"3":10,"4":0,"5":0,"6":0,"7":0,"8":0,"9":0,"10":0,"11":0,"12":0,"13":0,"14":0,"15":0,"16":0,"17":0,"18":0,"19":0,"20":0,"21":0,"22":0,"23":0,"24":0,"25":0,"26":11,"27":0,"28":0,"29":0,"30":0,"31":0,"32":0,"33":0,"34":0,"35":0,"36":0,"37":0,"38":0,"39":0,"40":0,"41":1,"42":1,"43":1,"44":1,"45":14},"b":{"0":[0,0,0],"1":[0,0],"2":[0,14],"3":[11,3],"4":[14,13,12],"5":[11,0],"6":[1,2],"7":[1,1],"8":[1,0]},"_coverageSchema":"43e27e138ebf9cfc5966b082cf9a028302ed4184","hash":"98aed1156d542ea27d98b015f45fde002cc97db4"}
,"/Users/colevanacore/mod-4-projects/cross-poll-fe/components/Loading/Loading.js": {"path":"/Users/colevanacore/mod-4-projects/cross-poll-fe/components/Loading/Loading.js","statementMap":{"0":{"start":{"line":4,"column":16},"end":{"line":10,"column":1}},"1":{"start":{"line":5,"column":4},"end":{"line":9,"column":5}},"2":{"start":{"line":12,"column":15},"end":{"line":17,"column":2}}},"fnMap":{"0":{"name":"(anonymous_0)","decl":{"start":{"line":4,"column":16},"end":{"line":4,"column":17}},"loc":{"start":{"line":4,"column":22},"end":{"line":10,"column":1}},"line":4}},"branchMap":{},"s":{"0":6,"1":1,"2":6},"f":{"0":1},"b":{},"_coverageSchema":"43e27e138ebf9cfc5966b082cf9a028302ed4184","hash":"263554c3b1c0992af291e291f74acf6b4f77a9a2"}
,"/Users/colevanacore/mod-4-projects/cross-poll-fe/components/Login/Login.js": {"path":"/Users/colevanacore/mod-4-projects/cross-poll-fe/components/Login/Login.js","statementMap":{"0":{"start":{"line":8,"column":4},"end":{"line":8,"column":16}},"1":{"start":{"line":9,"column":4},"end":{"line":19,"column":5}},"2":{"start":{"line":23,"column":4},"end":{"line":27,"column":5}},"3":{"start":{"line":24,"column":6},"end":{"line":24,"column":26}},"4":{"start":{"line":26,"column":6},"end":{"line":26,"column":31}},"5":{"start":{"line":31,"column":32},"end":{"line":31,"column":42}},"6":{"start":{"line":32,"column":21},"end":{"line":35,"column":5}},"7":{"start":{"line":36,"column":4},"end":{"line":45,"column":39}},"8":{"start":{"line":43,"column":23},"end":{"line":43,"column":38}},"9":{"start":{"line":44,"column":21},"end":{"line":44,"column":47}},"10":{"start":{"line":45,"column":20},"end":{"line":45,"column":38}},"11":{"start":{"line":49,"column":4},"end":{"line":56,"column":5}},"12":{"start":{"line":50,"column":6},"end":{"line":53,"column":8}},"13":{"start":{"line":55,"column":6},"end":{"line":55,"column":66}},"14":{"start":{"line":60,"column":75},"end":{"line":60,"column":85}},"15":{"start":{"line":61,"column":21},"end":{"line":67,"column":5}},"16":{"start":{"line":68,"column":4},"end":{"line":77,"column":39}},"17":{"start":{"line":75,"column":23},"end":{"line":75,"column":38}},"18":{"start":{"line":76,"column":21},"end":{"line":76,"column":47}},"19":{"start":{"line":77,"column":20},"end":{"line":77,"column":38}},"20":{"start":{"line":81,"column":4},"end":{"line":83,"column":6}},"21":{"start":{"line":84,"column":4},"end":{"line":92,"column":6}},"22":{"start":{"line":96,"column":26},"end":{"line":96,"column":82}},"23":{"start":{"line":97,"column":25},"end":{"line":97,"column":79}},"24":{"start":{"line":98,"column":4},"end":{"line":102,"column":5}},"25":{"start":{"line":106,"column":4},"end":{"line":108,"column":18}},"26":{"start":{"line":112,"column":26},"end":{"line":112,"column":48}},"27":{"start":{"line":114,"column":4},"end":{"line":186,"column":5}},"28":{"start":{"line":142,"column":35},"end":{"line":142,"column":68}},"29":{"start":{"line":149,"column":35},"end":{"line":149,"column":67}},"30":{"start":{"line":157,"column":35},"end":{"line":157,"column":64}},"31":{"start":{"line":165,"column":35},"end":{"line":165,"column":67}},"32":{"start":{"line":172,"column":35},"end":{"line":172,"column":79}},"33":{"start":{"line":180,"column":21},"end":{"line":180,"column":38}},"34":{"start":{"line":190,"column":15},"end":{"line":326,"column":2}}},"fnMap":{"0":{"name":"(anonymous_0)","decl":{"start":{"line":7,"column":2},"end":{"line":7,"column":3}},"loc":{"start":{"line":7,"column":21},"end":{"line":20,"column":3}},"line":7},"1":{"name":"(anonymous_1)","decl":{"start":{"line":22,"column":15},"end":{"line":22,"column":16}},"loc":{"start":{"line":22,"column":21},"end":{"line":28,"column":3}},"line":22},"2":{"name":"(anonymous_2)","decl":{"start":{"line":30,"column":23},"end":{"line":30,"column":24}},"loc":{"start":{"line":30,"column":29},"end":{"line":46,"column":3}},"line":30},"3":{"name":"(anonymous_3)","decl":{"start":{"line":43,"column":11},"end":{"line":43,"column":12}},"loc":{"start":{"line":43,"column":23},"end":{"line":43,"column":38}},"line":43},"4":{"name":"(anonymous_4)","decl":{"start":{"line":44,"column":11},"end":{"line":44,"column":12}},"loc":{"start":{"line":44,"column":21},"end":{"line":44,"column":47}},"line":44},"5":{"name":"(anonymous_5)","decl":{"start":{"line":45,"column":11},"end":{"line":45,"column":12}},"loc":{"start":{"line":45,"column":20},"end":{"line":45,"column":38}},"line":45},"6":{"name":"(anonymous_6)","decl":{"start":{"line":48,"column":18},"end":{"line":48,"column":19}},"loc":{"start":{"line":48,"column":30},"end":{"line":57,"column":3}},"line":48},"7":{"name":"(anonymous_7)","decl":{"start":{"line":59,"column":18},"end":{"line":59,"column":19}},"loc":{"start":{"line":59,"column":24},"end":{"line":78,"column":3}},"line":59},"8":{"name":"(anonymous_8)","decl":{"start":{"line":75,"column":11},"end":{"line":75,"column":12}},"loc":{"start":{"line":75,"column":23},"end":{"line":75,"column":38}},"line":75},"9":{"name":"(anonymous_9)","decl":{"start":{"line":76,"column":11},"end":{"line":76,"column":12}},"loc":{"start":{"line":76,"column":21},"end":{"line":76,"column":47}},"line":76},"10":{"name":"(anonymous_10)","decl":{"start":{"line":77,"column":11},"end":{"line":77,"column":12}},"loc":{"start":{"line":77,"column":20},"end":{"line":77,"column":38}},"line":77},"11":{"name":"(anonymous_11)","decl":{"start":{"line":80,"column":16},"end":{"line":80,"column":17}},"loc":{"start":{"line":80,"column":36},"end":{"line":93,"column":3}},"line":80},"12":{"name":"(anonymous_12)","decl":{"start":{"line":95,"column":17},"end":{"line":95,"column":18}},"loc":{"start":{"line":95,"column":56},"end":{"line":103,"column":3}},"line":95},"13":{"name":"(anonymous_13)","decl":{"start":{"line":105,"column":20},"end":{"line":105,"column":21}},"loc":{"start":{"line":105,"column":37},"end":{"line":109,"column":3}},"line":105},"14":{"name":"(anonymous_14)","decl":{"start":{"line":111,"column":2},"end":{"line":111,"column":3}},"loc":{"start":{"line":111,"column":11},"end":{"line":187,"column":3}},"line":111},"15":{"name":"(anonymous_15)","decl":{"start":{"line":142,"column":24},"end":{"line":142,"column":25}},"loc":{"start":{"line":142,"column":35},"end":{"line":142,"column":68}},"line":142},"16":{"name":"(anonymous_16)","decl":{"start":{"line":149,"column":24},"end":{"line":149,"column":25}},"loc":{"start":{"line":149,"column":35},"end":{"line":149,"column":67}},"line":149},"17":{"name":"(anonymous_17)","decl":{"start":{"line":157,"column":24},"end":{"line":157,"column":25}},"loc":{"start":{"line":157,"column":35},"end":{"line":157,"column":64}},"line":157},"18":{"name":"(anonymous_18)","decl":{"start":{"line":165,"column":24},"end":{"line":165,"column":25}},"loc":{"start":{"line":165,"column":35},"end":{"line":165,"column":67}},"line":165},"19":{"name":"(anonymous_19)","decl":{"start":{"line":172,"column":24},"end":{"line":172,"column":25}},"loc":{"start":{"line":172,"column":35},"end":{"line":172,"column":79}},"line":172},"20":{"name":"(anonymous_20)","decl":{"start":{"line":180,"column":17},"end":{"line":180,"column":18}},"loc":{"start":{"line":180,"column":21},"end":{"line":180,"column":38}},"line":180}},"branchMap":{"0":{"loc":{"start":{"line":23,"column":4},"end":{"line":27,"column":5}},"type":"if","locations":[{"start":{"line":23,"column":4},"end":{"line":27,"column":5}},{"start":{"line":23,"column":4},"end":{"line":27,"column":5}}],"line":23},"1":{"loc":{"start":{"line":49,"column":4},"end":{"line":56,"column":5}},"type":"if","locations":[{"start":{"line":49,"column":4},"end":{"line":56,"column":5}},{"start":{"line":49,"column":4},"end":{"line":56,"column":5}}],"line":49},"2":{"loc":{"start":{"line":96,"column":26},"end":{"line":96,"column":82}},"type":"cond-expr","locations":[{"start":{"line":96,"column":37},"end":{"line":96,"column":57}},{"start":{"line":96,"column":60},"end":{"line":96,"column":82}}],"line":96},"3":{"loc":{"start":{"line":97,"column":25},"end":{"line":97,"column":79}},"type":"cond-expr","locations":[{"start":{"line":97,"column":36},"end":{"line":97,"column":55}},{"start":{"line":97,"column":58},"end":{"line":97,"column":79}}],"line":97},"4":{"loc":{"start":{"line":128,"column":21},"end":{"line":128,"column":100}},"type":"cond-expr","locations":[{"start":{"line":128,"column":63},"end":{"line":128,"column":80}},{"start":{"line":128,"column":83},"end":{"line":128,"column":100}}],"line":128},"5":{"loc":{"start":{"line":138,"column":17},"end":{"line":138,"column":87}},"type":"cond-expr","locations":[{"start":{"line":138,"column":59},"end":{"line":138,"column":71}},{"start":{"line":138,"column":74},"end":{"line":138,"column":87}}],"line":138},"6":{"loc":{"start":{"line":145,"column":17},"end":{"line":145,"column":87}},"type":"cond-expr","locations":[{"start":{"line":145,"column":59},"end":{"line":145,"column":71}},{"start":{"line":145,"column":74},"end":{"line":145,"column":87}}],"line":145},"7":{"loc":{"start":{"line":168,"column":17},"end":{"line":168,"column":87}},"type":"cond-expr","locations":[{"start":{"line":168,"column":59},"end":{"line":168,"column":71}},{"start":{"line":168,"column":74},"end":{"line":168,"column":87}}],"line":168},"8":{"loc":{"start":{"line":174,"column":21},"end":{"line":174,"column":75}},"type":"cond-expr","locations":[{"start":{"line":174,"column":40},"end":{"line":174,"column":59}},{"start":{"line":174,"column":62},"end":{"line":174,"column":75}}],"line":174}},"s":{"0":6,"1":6,"2":0,"3":0,"4":0,"5":0,"6":0,"7":0,"8":0,"9":0,"10":0,"11":2,"12":1,"13":1,"14":0,"15":0,"16":0,"17":0,"18":0,"19":0,"20":1,"21":1,"22":0,"23":0,"24":0,"25":0,"26":10,"27":10,"28":1,"29":0,"30":0,"31":0,"32":0,"33":0,"34":2},"f":{"0":6,"1":0,"2":0,"3":0,"4":0,"5":0,"6":2,"7":0,"8":0,"9":0,"10":0,"11":1,"12":0,"13":0,"14":10,"15":1,"16":0,"17":0,"18":0,"19":0,"20":0},"b":{"0":[0,0],"1":[1,1],"2":[0,0],"3":[0,0],"4":[10,0],"5":[10,0],"6":[10,0],"7":[10,0],"8":[1,9]},"_coverageSchema":"43e27e138ebf9cfc5966b082cf9a028302ed4184","hash":"71df26a605e97026db6d658caa3e2c3898e22f66"}
,"/Users/colevanacore/mod-4-projects/cross-poll-fe/components/Pet/Pet.js": {"path":"/Users/colevanacore/mod-4-projects/cross-poll-fe/components/Pet/Pet.js","statementMap":{"0":{"start":{"line":12,"column":4},"end":{"line":12,"column":16}},"1":{"start":{"line":13,"column":4},"end":{"line":16,"column":5}},"2":{"start":{"line":20,"column":4},"end":{"line":22,"column":6}},"3":{"start":{"line":26,"column":40},"end":{"line":26,"column":55}},"4":{"start":{"line":27,"column":4},"end":{"line":29,"column":6}},"5":{"start":{"line":30,"column":4},"end":{"line":30,"column":23}},"6":{"start":{"line":31,"column":4},"end":{"line":50,"column":5}},"7":{"start":{"line":33,"column":8},"end":{"line":38,"column":11}},"8":{"start":{"line":39,"column":8},"end":{"line":39,"column":30}},"9":{"start":{"line":40,"column":8},"end":{"line":40,"column":14}},"10":{"start":{"line":42,"column":6},"end":{"line":47,"column":9}},"11":{"start":{"line":48,"column":8},"end":{"line":48,"column":30}},"12":{"start":{"line":49,"column":8},"end":{"line":49,"column":14}},"13":{"start":{"line":54,"column":65},"end":{"line":54,"column":75}},"14":{"start":{"line":55,"column":4},"end":{"line":55,"column":18}},"15":{"start":{"line":56,"column":4},"end":{"line":56,"column":26}},"16":{"start":{"line":60,"column":4},"end":{"line":60,"column":32}},"17":{"start":{"line":64,"column":34},"end":{"line":64,"column":52}},"18":{"start":{"line":65,"column":27},"end":{"line":65,"column":37}},"19":{"start":{"line":66,"column":16},"end":{"line":66,"column":186}},"20":{"start":{"line":67,"column":4},"end":{"line":70,"column":48}},"21":{"start":{"line":68,"column":24},"end":{"line":68,"column":39}},"22":{"start":{"line":69,"column":22},"end":{"line":69,"column":64}},"23":{"start":{"line":70,"column":22},"end":{"line":70,"column":47}},"24":{"start":{"line":74,"column":19},"end":{"line":74,"column":33}},"25":{"start":{"line":75,"column":18},"end":{"line":75,"column":182}},"26":{"start":{"line":76,"column":19},"end":{"line":81,"column":5}},"27":{"start":{"line":82,"column":4},"end":{"line":91,"column":48}},"28":{"start":{"line":89,"column":24},"end":{"line":89,"column":39}},"29":{"start":{"line":90,"column":22},"end":{"line":90,"column":50}},"30":{"start":{"line":91,"column":22},"end":{"line":91,"column":47}},"31":{"start":{"line":95,"column":62},"end":{"line":95,"column":69}},"32":{"start":{"line":96,"column":19},"end":{"line":102,"column":5}},"33":{"start":{"line":103,"column":4},"end":{"line":112,"column":48}},"34":{"start":{"line":110,"column":24},"end":{"line":110,"column":39}},"35":{"start":{"line":111,"column":22},"end":{"line":111,"column":53}},"36":{"start":{"line":112,"column":22},"end":{"line":112,"column":47}},"37":{"start":{"line":116,"column":4},"end":{"line":180,"column":5}},"38":{"start":{"line":117,"column":6},"end":{"line":117,"column":24}},"39":{"start":{"line":119,"column":31},"end":{"line":119,"column":45}},"40":{"start":{"line":120,"column":26},"end":{"line":120,"column":36}},"41":{"start":{"line":121,"column":18},"end":{"line":121,"column":27}},"42":{"start":{"line":122,"column":6},"end":{"line":179,"column":7}},"43":{"start":{"line":123,"column":8},"end":{"line":125,"column":9}},"44":{"start":{"line":127,"column":8},"end":{"line":178,"column":9}},"45":{"start":{"line":130,"column":43},"end":{"line":130,"column":73}},"46":{"start":{"line":131,"column":37},"end":{"line":131,"column":61}},"47":{"start":{"line":183,"column":17},"end":{"line":186,"column":3}},"48":{"start":{"line":188,"column":15},"end":{"line":312,"column":2}}},"fnMap":{"0":{"name":"(anonymous_0)","decl":{"start":{"line":11,"column":2},"end":{"line":11,"column":3}},"loc":{"start":{"line":11,"column":21},"end":{"line":17,"column":3}},"line":11},"1":{"name":"(anonymous_1)","decl":{"start":{"line":19,"column":25},"end":{"line":19,"column":26}},"loc":{"start":{"line":19,"column":31},"end":{"line":23,"column":3}},"line":19},"2":{"name":"(anonymous_2)","decl":{"start":{"line":25,"column":12},"end":{"line":25,"column":13}},"loc":{"start":{"line":25,"column":43},"end":{"line":51,"column":3}},"line":25},"3":{"name":"(anonymous_3)","decl":{"start":{"line":53,"column":17},"end":{"line":53,"column":18}},"loc":{"start":{"line":53,"column":23},"end":{"line":57,"column":3}},"line":53},"4":{"name":"(anonymous_4)","decl":{"start":{"line":59,"column":16},"end":{"line":59,"column":17}},"loc":{"start":{"line":59,"column":22},"end":{"line":61,"column":3}},"line":59},"5":{"name":"(anonymous_5)","decl":{"start":{"line":63,"column":17},"end":{"line":63,"column":18}},"loc":{"start":{"line":63,"column":23},"end":{"line":71,"column":3}},"line":63},"6":{"name":"(anonymous_6)","decl":{"start":{"line":68,"column":12},"end":{"line":68,"column":13}},"loc":{"start":{"line":68,"column":24},"end":{"line":68,"column":39}},"line":68},"7":{"name":"(anonymous_7)","decl":{"start":{"line":69,"column":12},"end":{"line":69,"column":13}},"loc":{"start":{"line":69,"column":22},"end":{"line":69,"column":64}},"line":69},"8":{"name":"(anonymous_8)","decl":{"start":{"line":70,"column":13},"end":{"line":70,"column":14}},"loc":{"start":{"line":70,"column":22},"end":{"line":70,"column":47}},"line":70},"9":{"name":"(anonymous_9)","decl":{"start":{"line":73,"column":17},"end":{"line":73,"column":18}},"loc":{"start":{"line":73,"column":23},"end":{"line":92,"column":3}},"line":73},"10":{"name":"(anonymous_10)","decl":{"start":{"line":89,"column":12},"end":{"line":89,"column":13}},"loc":{"start":{"line":89,"column":24},"end":{"line":89,"column":39}},"line":89},"11":{"name":"(anonymous_11)","decl":{"start":{"line":90,"column":12},"end":{"line":90,"column":13}},"loc":{"start":{"line":90,"column":22},"end":{"line":90,"column":50}},"line":90},"12":{"name":"(anonymous_12)","decl":{"start":{"line":91,"column":13},"end":{"line":91,"column":14}},"loc":{"start":{"line":91,"column":22},"end":{"line":91,"column":47}},"line":91},"13":{"name":"(anonymous_13)","decl":{"start":{"line":94,"column":13},"end":{"line":94,"column":14}},"loc":{"start":{"line":94,"column":26},"end":{"line":113,"column":3}},"line":94},"14":{"name":"(anonymous_14)","decl":{"start":{"line":110,"column":12},"end":{"line":110,"column":13}},"loc":{"start":{"line":110,"column":24},"end":{"line":110,"column":39}},"line":110},"15":{"name":"(anonymous_15)","decl":{"start":{"line":111,"column":12},"end":{"line":111,"column":13}},"loc":{"start":{"line":111,"column":22},"end":{"line":111,"column":53}},"line":111},"16":{"name":"(anonymous_16)","decl":{"start":{"line":112,"column":13},"end":{"line":112,"column":14}},"loc":{"start":{"line":112,"column":22},"end":{"line":112,"column":47}},"line":112},"17":{"name":"(anonymous_17)","decl":{"start":{"line":115,"column":2},"end":{"line":115,"column":3}},"loc":{"start":{"line":115,"column":11},"end":{"line":181,"column":3}},"line":115},"18":{"name":"(anonymous_18)","decl":{"start":{"line":130,"column":21},"end":{"line":130,"column":22}},"loc":{"start":{"line":130,"column":43},"end":{"line":130,"column":73}},"line":130},"19":{"name":"(anonymous_19)","decl":{"start":{"line":131,"column":26},"end":{"line":131,"column":27}},"loc":{"start":{"line":131,"column":37},"end":{"line":131,"column":61}},"line":131}},"branchMap":{"0":{"loc":{"start":{"line":31,"column":4},"end":{"line":50,"column":5}},"type":"switch","locations":[{"start":{"line":32,"column":6},"end":{"line":40,"column":14}},{"start":{"line":41,"column":6},"end":{"line":49,"column":14}}],"line":31},"1":{"loc":{"start":{"line":116,"column":4},"end":{"line":180,"column":5}},"type":"if","locations":[{"start":{"line":116,"column":4},"end":{"line":180,"column":5}},{"start":{"line":116,"column":4},"end":{"line":180,"column":5}}],"line":116},"2":{"loc":{"start":{"line":122,"column":6},"end":{"line":179,"column":7}},"type":"if","locations":[{"start":{"line":122,"column":6},"end":{"line":179,"column":7}},{"start":{"line":122,"column":6},"end":{"line":179,"column":7}}],"line":122}},"s":{"0":2,"1":2,"2":0,"3":0,"4":0,"5":0,"6":0,"7":0,"8":0,"9":0,"10":0,"11":0,"12":0,"13":0,"14":0,"15":0,"16":0,"17":0,"18":0,"19":0,"20":0,"21":0,"22":0,"23":0,"24":0,"25":0,"26":0,"27":0,"28":0,"29":0,"30":0,"31":0,"32":0,"33":0,"34":0,"35":0,"36":0,"37":2,"38":0,"39":2,"40":2,"41":2,"42":2,"43":0,"44":2,"45":0,"46":0,"47":3,"48":3},"f":{"0":2,"1":0,"2":0,"3":0,"4":0,"5":0,"6":0,"7":0,"8":0,"9":0,"10":0,"11":0,"12":0,"13":0,"14":0,"15":0,"16":0,"17":2,"18":0,"19":0},"b":{"0":[0,0],"1":[0,2],"2":[0,2]},"_coverageSchema":"43e27e138ebf9cfc5966b082cf9a028302ed4184","hash":"5e34f4e0fe93ee4a32af9f25017fd637ffbca8f1"}
,"/Users/colevanacore/mod-4-projects/cross-poll-fe/components/PetInfo/PetInfo.js": {"path":"/Users/colevanacore/mod-4-projects/cross-poll-fe/components/PetInfo/PetInfo.js","statementMap":{"0":{"start":{"line":9,"column":4},"end":{"line":9,"column":16}},"1":{"start":{"line":10,"column":4},"end":{"line":13,"column":5}},"2":{"start":{"line":17,"column":22},"end":{"line":17,"column":36}},"3":{"start":{"line":18,"column":18},"end":{"line":23,"column":5}},"4":{"start":{"line":24,"column":4},"end":{"line":24,"column":32}},"5":{"start":{"line":28,"column":4},"end":{"line":30,"column":5}},"6":{"start":{"line":29,"column":6},"end":{"line":29,"column":24}},"7":{"start":{"line":31,"column":4},"end":{"line":105,"column":5}},"8":{"start":{"line":32,"column":67},"end":{"line":32,"column":81}},"9":{"start":{"line":33,"column":26},"end":{"line":33,"column":36}},"10":{"start":{"line":34,"column":18},"end":{"line":34,"column":27}},"11":{"start":{"line":35,"column":4},"end":{"line":102,"column":5}},"12":{"start":{"line":42,"column":35},"end":{"line":42,"column":67}},"13":{"start":{"line":53,"column":43},"end":{"line":53,"column":81}},"14":{"start":{"line":88,"column":25},"end":{"line":90,"column":14}},"15":{"start":{"line":104,"column":6},"end":{"line":104,"column":24}},"16":{"start":{"line":109,"column":15},"end":{"line":290,"column":2}}},"fnMap":{"0":{"name":"(anonymous_0)","decl":{"start":{"line":8,"column":2},"end":{"line":8,"column":3}},"loc":{"start":{"line":8,"column":21},"end":{"line":14,"column":3}},"line":8},"1":{"name":"(anonymous_1)","decl":{"start":{"line":16,"column":13},"end":{"line":16,"column":14}},"loc":{"start":{"line":16,"column":19},"end":{"line":25,"column":3}},"line":16},"2":{"name":"(anonymous_2)","decl":{"start":{"line":27,"column":2},"end":{"line":27,"column":3}},"loc":{"start":{"line":27,"column":11},"end":{"line":106,"column":3}},"line":27},"3":{"name":"(anonymous_3)","decl":{"start":{"line":42,"column":31},"end":{"line":42,"column":32}},"loc":{"start":{"line":42,"column":35},"end":{"line":42,"column":67}},"line":42},"4":{"name":"(anonymous_4)","decl":{"start":{"line":53,"column":32},"end":{"line":53,"column":33}},"loc":{"start":{"line":53,"column":43},"end":{"line":53,"column":81}},"line":53},"5":{"name":"(anonymous_5)","decl":{"start":{"line":88,"column":21},"end":{"line":88,"column":22}},"loc":{"start":{"line":88,"column":25},"end":{"line":90,"column":14}},"line":88}},"branchMap":{"0":{"loc":{"start":{"line":28,"column":4},"end":{"line":30,"column":5}},"type":"if","locations":[{"start":{"line":28,"column":4},"end":{"line":30,"column":5}},{"start":{"line":28,"column":4},"end":{"line":30,"column":5}}],"line":28},"1":{"loc":{"start":{"line":31,"column":4},"end":{"line":105,"column":5}},"type":"if","locations":[{"start":{"line":31,"column":4},"end":{"line":105,"column":5}},{"start":{"line":31,"column":4},"end":{"line":105,"column":5}}],"line":31},"2":{"loc":{"start":{"line":31,"column":7},"end":{"line":31,"column":43}},"type":"binary-expr","locations":[{"start":{"line":31,"column":7},"end":{"line":31,"column":21}},{"start":{"line":31,"column":25},"end":{"line":31,"column":43}}],"line":31}},"s":{"0":5,"1":5,"2":1,"3":1,"4":1,"5":6,"6":0,"7":6,"8":6,"9":6,"10":6,"11":6,"12":0,"13":0,"14":1,"15":0,"16":5},"f":{"0":5,"1":1,"2":6,"3":0,"4":0,"5":1},"b":{"0":[0,6],"1":[6,0],"2":[6,6]},"_coverageSchema":"43e27e138ebf9cfc5966b082cf9a028302ed4184","hash":"d523e64c781bcbecccd6d370733e7d74b352e828"}
,"/Users/colevanacore/mod-4-projects/cross-poll-fe/components/helpers/helpers.js": {"path":"/Users/colevanacore/mod-4-projects/cross-poll-fe/components/helpers/helpers.js","statementMap":{"0":{"start":{"line":1,"column":27},"end":{"line":1,"column":66}},"1":{"start":{"line":1,"column":37},"end":{"line":1,"column":66}},"2":{"start":{"line":1,"column":57},"end":{"line":1,"column":65}},"3":{"start":{"line":3,"column":25},"end":{"line":29,"column":2}},"4":{"start":{"line":3,"column":35},"end":{"line":29,"column":2}},"5":{"start":{"line":5,"column":2},"end":{"line":9,"column":3}},"6":{"start":{"line":6,"column":4},"end":{"line":6,"column":56}},"7":{"start":{"line":8,"column":4},"end":{"line":8,"column":23}},"8":{"start":{"line":10,"column":2},"end":{"line":28,"column":4}},"9":{"start":{"line":31,"column":24},"end":{"line":59,"column":1}},"10":{"start":{"line":33,"column":2},"end":{"line":37,"column":3}},"11":{"start":{"line":34,"column":4},"end":{"line":34,"column":56}},"12":{"start":{"line":36,"column":4},"end":{"line":36,"column":23}},"13":{"start":{"line":38,"column":19},"end":{"line":56,"column":3}},"14":{"start":{"line":58,"column":2},"end":{"line":58,"column":17}},"15":{"start":{"line":61,"column":29},"end":{"line":74,"column":1}},"16":{"start":{"line":62,"column":25},"end":{"line":72,"column":3}},"17":{"start":{"line":73,"column":2},"end":{"line":73,"column":24}}},"fnMap":{"0":{"name":"(anonymous_0)","decl":{"start":{"line":1,"column":27},"end":{"line":1,"column":28}},"loc":{"start":{"line":1,"column":37},"end":{"line":1,"column":66}},"line":1},"1":{"name":"(anonymous_1)","decl":{"start":{"line":1,"column":48},"end":{"line":1,"column":49}},"loc":{"start":{"line":1,"column":57},"end":{"line":1,"column":65}},"line":1},"2":{"name":"(anonymous_2)","decl":{"start":{"line":3,"column":25},"end":{"line":3,"column":26}},"loc":{"start":{"line":3,"column":35},"end":{"line":29,"column":2}},"line":3},"3":{"name":"(anonymous_3)","decl":{"start":{"line":3,"column":44},"end":{"line":3,"column":45}},"loc":{"start":{"line":3,"column":53},"end":{"line":29,"column":1}},"line":3},"4":{"name":"(anonymous_4)","decl":{"start":{"line":31,"column":24},"end":{"line":31,"column":25}},"loc":{"start":{"line":31,"column":33},"end":{"line":59,"column":1}},"line":31},"5":{"name":"(anonymous_5)","decl":{"start":{"line":61,"column":29},"end":{"line":61,"column":30}},"loc":{"start":{"line":61,"column":42},"end":{"line":74,"column":1}},"line":61}},"branchMap":{"0":{"loc":{"start":{"line":5,"column":2},"end":{"line":9,"column":3}},"type":"if","locations":[{"start":{"line":5,"column":2},"end":{"line":9,"column":3}},{"start":{"line":5,"column":2},"end":{"line":9,"column":3}}],"line":5},"1":{"loc":{"start":{"line":33,"column":2},"end":{"line":37,"column":3}},"type":"if","locations":[{"start":{"line":33,"column":2},"end":{"line":37,"column":3}},{"start":{"line":33,"column":2},"end":{"line":37,"column":3}}],"line":33}},"s":{"0":4,"1":3,"2":15,"3":4,"4":1,"5":1,"6":1,"7":0,"8":1,"9":4,"10":1,"11":1,"12":0,"13":1,"14":1,"15":4,"16":1,"17":1},"f":{"0":3,"1":15,"2":1,"3":1,"4":1,"5":1},"b":{"0":[1,0],"1":[1,0]},"_coverageSchema":"43e27e138ebf9cfc5966b082cf9a028302ed4184","hash":"ccd6935cc597a409b0753496fa663f7b0f78c667"}
}
