{"/Users/colevanacore/mod-4-projects/cross-poll-fe/components/apiKey.js": {"path":"/Users/colevanacore/mod-4-projects/cross-poll-fe/components/apiKey.js","statementMap":{"0":{"start":{"line":1,"column":15},"end":{"line":1,"column":49}}},"fnMap":{},"branchMap":{},"s":{"0":5},"f":{},"b":{},"_coverageSchema":"43e27e138ebf9cfc5966b082cf9a028302ed4184","hash":"7d471374e2f71f9b1a0bdbd0e286e209f70f2500"}
,"/Users/colevanacore/mod-4-projects/cross-poll-fe/components/App/App.js": {"path":"/Users/colevanacore/mod-4-projects/cross-poll-fe/components/App/App.js","statementMap":{"0":{"start":{"line":8,"column":4},"end":{"line":8,"column":11}},"1":{"start":{"line":9,"column":4},"end":{"line":14,"column":5}},"2":{"start":{"line":18,"column":4},"end":{"line":18,"column":53}},"3":{"start":{"line":22,"column":4},"end":{"line":22,"column":40}},"4":{"start":{"line":23,"column":4},"end":{"line":23,"column":20}},"5":{"start":{"line":27,"column":4},"end":{"line":27,"column":49}},"6":{"start":{"line":28,"column":21},"end":{"line":31,"column":5}},"7":{"start":{"line":33,"column":4},"end":{"line":42,"column":39}},"8":{"start":{"line":40,"column":22},"end":{"line":40,"column":37}},"9":{"start":{"line":41,"column":20},"end":{"line":41,"column":39}},"10":{"start":{"line":42,"column":20},"end":{"line":42,"column":38}},"11":{"start":{"line":46,"column":4},"end":{"line":48,"column":6}},"12":{"start":{"line":52,"column":40},"end":{"line":52,"column":50}},"13":{"start":{"line":54,"column":4},"end":{"line":62,"column":5}},"14":{"start":{"line":55,"column":7},"end":{"line":57,"column":47}},"15":{"start":{"line":59,"column":6},"end":{"line":61,"column":30}},"16":{"start":{"line":63,"column":4},"end":{"line":67,"column":6}},"17":{"start":{"line":71,"column":15},"end":{"line":79,"column":2}}},"fnMap":{"0":{"name":"(anonymous_0)","decl":{"start":{"line":7,"column":2},"end":{"line":7,"column":3}},"loc":{"start":{"line":7,"column":16},"end":{"line":15,"column":3}},"line":7},"1":{"name":"(anonymous_1)","decl":{"start":{"line":17,"column":14},"end":{"line":17,"column":15}},"loc":{"start":{"line":17,"column":20},"end":{"line":19,"column":3}},"line":17},"2":{"name":"(anonymous_2)","decl":{"start":{"line":21,"column":20},"end":{"line":21,"column":21}},"loc":{"start":{"line":21,"column":31},"end":{"line":24,"column":3}},"line":21},"3":{"name":"(anonymous_3)","decl":{"start":{"line":26,"column":19},"end":{"line":26,"column":20}},"loc":{"start":{"line":26,"column":30},"end":{"line":43,"column":3}},"line":26},"4":{"name":"(anonymous_4)","decl":{"start":{"line":40,"column":10},"end":{"line":40,"column":11}},"loc":{"start":{"line":40,"column":22},"end":{"line":40,"column":37}},"line":40},"5":{"name":"(anonymous_5)","decl":{"start":{"line":41,"column":10},"end":{"line":41,"column":11}},"loc":{"start":{"line":41,"column":20},"end":{"line":41,"column":39}},"line":41},"6":{"name":"(anonymous_6)","decl":{"start":{"line":42,"column":11},"end":{"line":42,"column":12}},"loc":{"start":{"line":42,"column":20},"end":{"line":42,"column":38}},"line":42},"7":{"name":"(anonymous_7)","decl":{"start":{"line":45,"column":12},"end":{"line":45,"column":13}},"loc":{"start":{"line":45,"column":18},"end":{"line":49,"column":3}},"line":45},"8":{"name":"(anonymous_8)","decl":{"start":{"line":51,"column":2},"end":{"line":51,"column":3}},"loc":{"start":{"line":51,"column":11},"end":{"line":68,"column":3}},"line":51}},"branchMap":{"0":{"loc":{"start":{"line":54,"column":4},"end":{"line":62,"column":5}},"type":"if","locations":[{"start":{"line":54,"column":4},"end":{"line":62,"column":5}},{"start":{"line":54,"column":4},"end":{"line":62,"column":5}}],"line":54}},"s":{"0":3,"1":3,"2":1,"3":1,"4":1,"5":0,"6":0,"7":0,"8":0,"9":0,"10":0,"11":1,"12":6,"13":6,"14":5,"15":1,"16":6,"17":1},"f":{"0":3,"1":1,"2":1,"3":0,"4":0,"5":0,"6":0,"7":1,"8":6},"b":{"0":[5,1]},"_coverageSchema":"43e27e138ebf9cfc5966b082cf9a028302ed4184","hash":"4a02c38ab31a6d14a1a362e86f1f3bfe7d09093e"}
,"/Users/colevanacore/mod-4-projects/cross-poll-fe/components/Error/Error.js": {"path":"/Users/colevanacore/mod-4-projects/cross-poll-fe/components/Error/Error.js","statementMap":{"0":{"start":{"line":6,"column":14},"end":{"line":21,"column":1}},"1":{"start":{"line":7,"column":4},"end":{"line":20,"column":5}},"2":{"start":{"line":23,"column":15},"end":{"line":28,"column":2}}},"fnMap":{"0":{"name":"(anonymous_0)","decl":{"start":{"line":6,"column":14},"end":{"line":6,"column":15}},"loc":{"start":{"line":6,"column":20},"end":{"line":21,"column":1}},"line":6}},"branchMap":{},"s":{"0":2,"1":0,"2":2},"f":{"0":0},"b":{},"_coverageSchema":"43e27e138ebf9cfc5966b082cf9a028302ed4184","hash":"0e111360370fa62921a807ec8e3d9ccf79828081"}
,"/Users/colevanacore/mod-4-projects/cross-poll-fe/components/Favorites/Favorites.js": {"path":"/Users/colevanacore/mod-4-projects/cross-poll-fe/components/Favorites/Favorites.js","statementMap":{"0":{"start":{"line":12,"column":4},"end":{"line":12,"column":16}},"1":{"start":{"line":13,"column":4},"end":{"line":18,"column":6}},"2":{"start":{"line":22,"column":4},"end":{"line":28,"column":38}},"3":{"start":{"line":23,"column":22},"end":{"line":23,"column":37}},"4":{"start":{"line":24,"column":17},"end":{"line":24,"column":44}},"5":{"start":{"line":25,"column":22},"end":{"line":25,"column":59}},"6":{"start":{"line":26,"column":24},"end":{"line":26,"column":74}},"7":{"start":{"line":27,"column":24},"end":{"line":27,"column":55}},"8":{"start":{"line":28,"column":19},"end":{"line":28,"column":37}},"9":{"start":{"line":32,"column":14},"end":{"line":32,"column":94}},"10":{"start":{"line":33,"column":4},"end":{"line":37,"column":60}},"11":{"start":{"line":34,"column":24},"end":{"line":34,"column":39}},"12":{"start":{"line":35,"column":23},"end":{"line":35,"column":63}},"13":{"start":{"line":36,"column":28},"end":{"line":36,"column":66}},"14":{"start":{"line":37,"column":22},"end":{"line":37,"column":59}},"15":{"start":{"line":41,"column":29},"end":{"line":41,"column":39}},"16":{"start":{"line":42,"column":21},"end":{"line":45,"column":5}},"17":{"start":{"line":46,"column":4},"end":{"line":55,"column":39}},"18":{"start":{"line":53,"column":22},"end":{"line":53,"column":37}},"19":{"start":{"line":54,"column":20},"end":{"line":54,"column":44}},"20":{"start":{"line":55,"column":20},"end":{"line":55,"column":38}},"21":{"start":{"line":59,"column":4},"end":{"line":59,"column":31}},"22":{"start":{"line":60,"column":4},"end":{"line":60,"column":30}},"23":{"start":{"line":64,"column":4},"end":{"line":66,"column":6}},"24":{"start":{"line":70,"column":29},"end":{"line":70,"column":39}},"25":{"start":{"line":71,"column":46},"end":{"line":71,"column":56}},"26":{"start":{"line":73,"column":4},"end":{"line":105,"column":5}},"27":{"start":{"line":74,"column":8},"end":{"line":78,"column":9}},"28":{"start":{"line":79,"column":11},"end":{"line":105,"column":5}},"29":{"start":{"line":80,"column":6},"end":{"line":80,"column":88}},"30":{"start":{"line":82,"column":6},"end":{"line":104,"column":9}},"31":{"start":{"line":83,"column":9},"end":{"line":103,"column":10}},"32":{"start":{"line":85,"column":45},"end":{"line":85,"column":83}},"33":{"start":{"line":94,"column":45},"end":{"line":94,"column":75}},"34":{"start":{"line":106,"column":4},"end":{"line":121,"column":5}},"35":{"start":{"line":124,"column":15},"end":{"line":174,"column":2}}},"fnMap":{"0":{"name":"(anonymous_0)","decl":{"start":{"line":11,"column":2},"end":{"line":11,"column":3}},"loc":{"start":{"line":11,"column":21},"end":{"line":19,"column":3}},"line":11},"1":{"name":"(anonymous_1)","decl":{"start":{"line":21,"column":11},"end":{"line":21,"column":12}},"loc":{"start":{"line":21,"column":22},"end":{"line":29,"column":3}},"line":21},"2":{"name":"(anonymous_2)","decl":{"start":{"line":23,"column":10},"end":{"line":23,"column":11}},"loc":{"start":{"line":23,"column":22},"end":{"line":23,"column":37}},"line":23},"3":{"name":"(anonymous_3)","decl":{"start":{"line":24,"column":10},"end":{"line":24,"column":11}},"loc":{"start":{"line":24,"column":17},"end":{"line":24,"column":44}},"line":24},"4":{"name":"(anonymous_4)","decl":{"start":{"line":25,"column":10},"end":{"line":25,"column":11}},"loc":{"start":{"line":25,"column":22},"end":{"line":25,"column":59}},"line":25},"5":{"name":"(anonymous_5)","decl":{"start":{"line":26,"column":10},"end":{"line":26,"column":11}},"loc":{"start":{"line":26,"column":24},"end":{"line":26,"column":74}},"line":26},"6":{"name":"(anonymous_6)","decl":{"start":{"line":27,"column":10},"end":{"line":27,"column":11}},"loc":{"start":{"line":27,"column":24},"end":{"line":27,"column":55}},"line":27},"7":{"name":"(anonymous_7)","decl":{"start":{"line":28,"column":10},"end":{"line":28,"column":11}},"loc":{"start":{"line":28,"column":19},"end":{"line":28,"column":37}},"line":28},"8":{"name":"(anonymous_8)","decl":{"start":{"line":31,"column":17},"end":{"line":31,"column":18}},"loc":{"start":{"line":31,"column":32},"end":{"line":38,"column":3}},"line":31},"9":{"name":"(anonymous_9)","decl":{"start":{"line":34,"column":12},"end":{"line":34,"column":13}},"loc":{"start":{"line":34,"column":24},"end":{"line":34,"column":39}},"line":34},"10":{"name":"(anonymous_10)","decl":{"start":{"line":35,"column":12},"end":{"line":35,"column":13}},"loc":{"start":{"line":35,"column":23},"end":{"line":35,"column":63}},"line":35},"11":{"name":"(anonymous_11)","decl":{"start":{"line":36,"column":12},"end":{"line":36,"column":13}},"loc":{"start":{"line":36,"column":28},"end":{"line":36,"column":66}},"line":36},"12":{"name":"(anonymous_12)","decl":{"start":{"line":37,"column":13},"end":{"line":37,"column":14}},"loc":{"start":{"line":37,"column":22},"end":{"line":37,"column":59}},"line":37},"13":{"name":"(anonymous_13)","decl":{"start":{"line":40,"column":19},"end":{"line":40,"column":20}},"loc":{"start":{"line":40,"column":41},"end":{"line":56,"column":3}},"line":40},"14":{"name":"(anonymous_14)","decl":{"start":{"line":53,"column":10},"end":{"line":53,"column":11}},"loc":{"start":{"line":53,"column":22},"end":{"line":53,"column":37}},"line":53},"15":{"name":"(anonymous_15)","decl":{"start":{"line":54,"column":10},"end":{"line":54,"column":11}},"loc":{"start":{"line":54,"column":20},"end":{"line":54,"column":44}},"line":54},"16":{"name":"(anonymous_16)","decl":{"start":{"line":55,"column":11},"end":{"line":55,"column":12}},"loc":{"start":{"line":55,"column":20},"end":{"line":55,"column":38}},"line":55},"17":{"name":"(anonymous_17)","decl":{"start":{"line":58,"column":22},"end":{"line":58,"column":23}},"loc":{"start":{"line":58,"column":28},"end":{"line":61,"column":3}},"line":58},"18":{"name":"(anonymous_18)","decl":{"start":{"line":63,"column":11},"end":{"line":63,"column":12}},"loc":{"start":{"line":63,"column":17},"end":{"line":67,"column":3}},"line":63},"19":{"name":"(anonymous_19)","decl":{"start":{"line":69,"column":2},"end":{"line":69,"column":3}},"loc":{"start":{"line":69,"column":11},"end":{"line":122,"column":3}},"line":69},"20":{"name":"(anonymous_20)","decl":{"start":{"line":82,"column":33},"end":{"line":82,"column":34}},"loc":{"start":{"line":82,"column":50},"end":{"line":104,"column":8}},"line":82},"21":{"name":"(anonymous_21)","decl":{"start":{"line":85,"column":39},"end":{"line":85,"column":40}},"loc":{"start":{"line":85,"column":45},"end":{"line":85,"column":83}},"line":85},"22":{"name":"(anonymous_22)","decl":{"start":{"line":94,"column":39},"end":{"line":94,"column":40}},"loc":{"start":{"line":94,"column":45},"end":{"line":94,"column":75}},"line":94}},"branchMap":{"0":{"loc":{"start":{"line":73,"column":4},"end":{"line":105,"column":5}},"type":"if","locations":[{"start":{"line":73,"column":4},"end":{"line":105,"column":5}},{"start":{"line":73,"column":4},"end":{"line":105,"column":5}}],"line":73},"1":{"loc":{"start":{"line":79,"column":11},"end":{"line":105,"column":5}},"type":"if","locations":[{"start":{"line":79,"column":11},"end":{"line":105,"column":5}},{"start":{"line":79,"column":11},"end":{"line":105,"column":5}}],"line":79}},"s":{"0":2,"1":2,"2":0,"3":0,"4":0,"5":0,"6":0,"7":0,"8":0,"9":0,"10":0,"11":0,"12":0,"13":0,"14":0,"15":0,"16":0,"17":0,"18":0,"19":0,"20":0,"21":0,"22":0,"23":1,"24":3,"25":3,"26":3,"27":0,"28":3,"29":3,"30":0,"31":0,"32":0,"33":0,"34":3,"35":3},"f":{"0":2,"1":0,"2":0,"3":0,"4":0,"5":0,"6":0,"7":0,"8":0,"9":0,"10":0,"11":0,"12":0,"13":0,"14":0,"15":0,"16":0,"17":0,"18":1,"19":3,"20":0,"21":0,"22":0},"b":{"0":[0,3],"1":[3,0]},"_coverageSchema":"43e27e138ebf9cfc5966b082cf9a028302ed4184","hash":"e2001166df94eef87f5211bf7196112531927739"}
,"/Users/colevanacore/mod-4-projects/cross-poll-fe/components/Filter/Filter.js": {"path":"/Users/colevanacore/mod-4-projects/cross-poll-fe/components/Filter/Filter.js","statementMap":{"0":{"start":{"line":10,"column":4},"end":{"line":10,"column":16}},"1":{"start":{"line":11,"column":4},"end":{"line":16,"column":5}},"2":{"start":{"line":20,"column":4},"end":{"line":22,"column":6}},"3":{"start":{"line":26,"column":4},"end":{"line":28,"column":7}},"4":{"start":{"line":32,"column":4},"end":{"line":34,"column":7}},"5":{"start":{"line":38,"column":4},"end":{"line":40,"column":7}},"6":{"start":{"line":44,"column":26},"end":{"line":44,"column":82}},"7":{"start":{"line":45,"column":27},"end":{"line":45,"column":85}},"8":{"start":{"line":46,"column":4},"end":{"line":50,"column":5}},"9":{"start":{"line":54,"column":4},"end":{"line":56,"column":18}},"10":{"start":{"line":62,"column":26},"end":{"line":68,"column":5}},"11":{"start":{"line":70,"column":24},"end":{"line":74,"column":5}},"12":{"start":{"line":76,"column":26},"end":{"line":79,"column":5}},"13":{"start":{"line":81,"column":4},"end":{"line":139,"column":5}},"14":{"start":{"line":82,"column":6},"end":{"line":135,"column":7}},"15":{"start":{"line":130,"column":27},"end":{"line":130,"column":64}},"16":{"start":{"line":138,"column":6},"end":{"line":138,"column":17}},"17":{"start":{"line":143,"column":15},"end":{"line":260,"column":2}}},"fnMap":{"0":{"name":"(anonymous_0)","decl":{"start":{"line":9,"column":2},"end":{"line":9,"column":3}},"loc":{"start":{"line":9,"column":21},"end":{"line":17,"column":3}},"line":9},"1":{"name":"(anonymous_1)","decl":{"start":{"line":19,"column":23},"end":{"line":19,"column":24}},"loc":{"start":{"line":19,"column":34},"end":{"line":23,"column":3}},"line":19},"2":{"name":"(anonymous_2)","decl":{"start":{"line":25,"column":22},"end":{"line":25,"column":23}},"loc":{"start":{"line":25,"column":42},"end":{"line":29,"column":3}},"line":25},"3":{"name":"(anonymous_3)","decl":{"start":{"line":31,"column":20},"end":{"line":31,"column":21}},"loc":{"start":{"line":31,"column":38},"end":{"line":35,"column":3}},"line":31},"4":{"name":"(anonymous_4)","decl":{"start":{"line":37,"column":22},"end":{"line":37,"column":23}},"loc":{"start":{"line":37,"column":42},"end":{"line":41,"column":3}},"line":37},"5":{"name":"(anonymous_5)","decl":{"start":{"line":43,"column":17},"end":{"line":43,"column":18}},"loc":{"start":{"line":43,"column":56},"end":{"line":51,"column":3}},"line":43},"6":{"name":"(anonymous_6)","decl":{"start":{"line":53,"column":20},"end":{"line":53,"column":21}},"loc":{"start":{"line":53,"column":37},"end":{"line":57,"column":3}},"line":53},"7":{"name":"(anonymous_7)","decl":{"start":{"line":61,"column":2},"end":{"line":61,"column":3}},"loc":{"start":{"line":61,"column":11},"end":{"line":140,"column":3}},"line":61},"8":{"name":"(anonymous_8)","decl":{"start":{"line":130,"column":23},"end":{"line":130,"column":24}},"loc":{"start":{"line":130,"column":27},"end":{"line":130,"column":64}},"line":130}},"branchMap":{"0":{"loc":{"start":{"line":44,"column":26},"end":{"line":44,"column":82}},"type":"cond-expr","locations":[{"start":{"line":44,"column":37},"end":{"line":44,"column":57}},{"start":{"line":44,"column":60},"end":{"line":44,"column":82}}],"line":44},"1":{"loc":{"start":{"line":45,"column":27},"end":{"line":45,"column":85}},"type":"cond-expr","locations":[{"start":{"line":45,"column":38},"end":{"line":45,"column":64}},{"start":{"line":45,"column":67},"end":{"line":45,"column":85}}],"line":45},"2":{"loc":{"start":{"line":81,"column":4},"end":{"line":139,"column":5}},"type":"if","locations":[{"start":{"line":81,"column":4},"end":{"line":139,"column":5}},{"start":{"line":81,"column":4},"end":{"line":139,"column":5}}],"line":81}},"s":{"0":5,"1":5,"2":1,"3":1,"4":1,"5":1,"6":0,"7":0,"8":0,"9":0,"10":9,"11":9,"12":9,"13":9,"14":9,"15":0,"16":0,"17":3},"f":{"0":5,"1":1,"2":1,"3":1,"4":1,"5":0,"6":0,"7":9,"8":0},"b":{"0":[0,0],"1":[0,0],"2":[9,0]},"_coverageSchema":"43e27e138ebf9cfc5966b082cf9a028302ed4184","hash":"2ad7ca98ec491f8992b556503d0b8ce6bab873db"}
,"/Users/colevanacore/mod-4-projects/cross-poll-fe/components/Home/Home.js": {"path":"/Users/colevanacore/mod-4-projects/cross-poll-fe/components/Home/Home.js","statementMap":{"0":{"start":{"line":14,"column":4},"end":{"line":14,"column":16}},"1":{"start":{"line":15,"column":4},"end":{"line":29,"column":5}},"2":{"start":{"line":33,"column":4},"end":{"line":33,"column":23}},"3":{"start":{"line":34,"column":4},"end":{"line":34,"column":25}},"4":{"start":{"line":38,"column":4},"end":{"line":41,"column":60}},"5":{"start":{"line":39,"column":24},"end":{"line":39,"column":39}},"6":{"start":{"line":40,"column":22},"end":{"line":40,"column":49}},"7":{"start":{"line":41,"column":22},"end":{"line":41,"column":59}},"8":{"start":{"line":46,"column":16},"end":{"line":46,"column":114}},"9":{"start":{"line":47,"column":4},"end":{"line":53,"column":6}},"10":{"start":{"line":54,"column":4},"end":{"line":54,"column":30}},"11":{"start":{"line":58,"column":4},"end":{"line":63,"column":45}},"12":{"start":{"line":59,"column":24},"end":{"line":59,"column":39}},"13":{"start":{"line":60,"column":20},"end":{"line":60,"column":54}},"14":{"start":{"line":61,"column":25},"end":{"line":61,"column":60}},"15":{"start":{"line":62,"column":25},"end":{"line":62,"column":44}},"16":{"start":{"line":63,"column":22},"end":{"line":63,"column":44}},"17":{"start":{"line":67,"column":45},"end":{"line":67,"column":58}},"18":{"start":{"line":69,"column":4},"end":{"line":78,"column":5}},"19":{"start":{"line":71,"column":8},"end":{"line":71,"column":20}},"20":{"start":{"line":72,"column":6},"end":{"line":72,"column":12}},"21":{"start":{"line":74,"column":8},"end":{"line":74,"column":20}},"22":{"start":{"line":75,"column":6},"end":{"line":75,"column":12}},"23":{"start":{"line":77,"column":8},"end":{"line":77,"column":19}},"24":{"start":{"line":79,"column":16},"end":{"line":79,"column":182}},"25":{"start":{"line":80,"column":4},"end":{"line":80,"column":30}},"26":{"start":{"line":81,"column":4},"end":{"line":81,"column":29}},"27":{"start":{"line":82,"column":4},"end":{"line":82,"column":38}},"28":{"start":{"line":86,"column":34},"end":{"line":86,"column":44}},"29":{"start":{"line":87,"column":20},"end":{"line":87,"column":47}},"30":{"start":{"line":88,"column":4},"end":{"line":88,"column":49}},"31":{"start":{"line":89,"column":4},"end":{"line":93,"column":43}},"32":{"start":{"line":90,"column":22},"end":{"line":90,"column":37}},"33":{"start":{"line":91,"column":21},"end":{"line":91,"column":61}},"34":{"start":{"line":92,"column":26},"end":{"line":92,"column":80}},"35":{"start":{"line":93,"column":20},"end":{"line":93,"column":42}},"36":{"start":{"line":98,"column":21},"end":{"line":101,"column":5}},"37":{"start":{"line":102,"column":4},"end":{"line":111,"column":39}},"38":{"start":{"line":109,"column":22},"end":{"line":109,"column":37}},"39":{"start":{"line":110,"column":20},"end":{"line":110,"column":41}},"40":{"start":{"line":111,"column":20},"end":{"line":111,"column":38}},"41":{"start":{"line":116,"column":4},"end":{"line":120,"column":39}},"42":{"start":{"line":117,"column":22},"end":{"line":117,"column":37}},"43":{"start":{"line":118,"column":23},"end":{"line":118,"column":65}},"44":{"start":{"line":119,"column":20},"end":{"line":119,"column":39}},"45":{"start":{"line":120,"column":20},"end":{"line":120,"column":38}},"46":{"start":{"line":124,"column":4},"end":{"line":128,"column":6}},"47":{"start":{"line":125,"column":5},"end":{"line":127,"column":108}},"48":{"start":{"line":126,"column":24},"end":{"line":126,"column":39}},"49":{"start":{"line":127,"column":22},"end":{"line":127,"column":107}},"50":{"start":{"line":133,"column":17},"end":{"line":142,"column":6}},"51":{"start":{"line":134,"column":6},"end":{"line":141,"column":7}},"52":{"start":{"line":135,"column":16},"end":{"line":135,"column":114}},"53":{"start":{"line":136,"column":6},"end":{"line":136,"column":33}},"54":{"start":{"line":137,"column":23},"end":{"line":137,"column":39}},"55":{"start":{"line":138,"column":6},"end":{"line":138,"column":28}},"56":{"start":{"line":140,"column":8},"end":{"line":140,"column":24}},"57":{"start":{"line":143,"column":22},"end":{"line":143,"column":45}},"58":{"start":{"line":144,"column":24},"end":{"line":144,"column":49}},"59":{"start":{"line":145,"column":4},"end":{"line":145,"column":46}},"60":{"start":{"line":149,"column":21},"end":{"line":151,"column":6}},"61":{"start":{"line":150,"column":8},"end":{"line":150,"column":32}},"62":{"start":{"line":152,"column":4},"end":{"line":152,"column":57}},"63":{"start":{"line":152,"column":35},"end":{"line":152,"column":56}},"64":{"start":{"line":156,"column":4},"end":{"line":165,"column":5}},"65":{"start":{"line":157,"column":6},"end":{"line":159,"column":8}},"66":{"start":{"line":161,"column":21},"end":{"line":161,"column":66}},"67":{"start":{"line":162,"column":6},"end":{"line":164,"column":8}},"68":{"start":{"line":169,"column":4},"end":{"line":171,"column":6}},"69":{"start":{"line":175,"column":4},"end":{"line":177,"column":6}},"70":{"start":{"line":181,"column":4},"end":{"line":183,"column":6}},"71":{"start":{"line":184,"column":4},"end":{"line":184,"column":25}},"72":{"start":{"line":188,"column":4},"end":{"line":190,"column":6}},"73":{"start":{"line":194,"column":90},"end":{"line":194,"column":100}},"74":{"start":{"line":195,"column":37},"end":{"line":195,"column":47}},"75":{"start":{"line":196,"column":3},"end":{"line":200,"column":4}},"76":{"start":{"line":197,"column":5},"end":{"line":199,"column":6}},"77":{"start":{"line":201,"column":4},"end":{"line":246,"column":5}},"78":{"start":{"line":202,"column":6},"end":{"line":222,"column":7}},"79":{"start":{"line":223,"column":11},"end":{"line":246,"column":5}},"80":{"start":{"line":224,"column":6},"end":{"line":228,"column":7}},"81":{"start":{"line":229,"column":11},"end":{"line":246,"column":5}},"82":{"start":{"line":230,"column":6},"end":{"line":238,"column":7}},"83":{"start":{"line":239,"column":11},"end":{"line":246,"column":5}},"84":{"start":{"line":240,"column":6},"end":{"line":245,"column":7}},"85":{"start":{"line":250,"column":15},"end":{"line":288,"column":2}}},"fnMap":{"0":{"name":"(anonymous_0)","decl":{"start":{"line":13,"column":2},"end":{"line":13,"column":3}},"loc":{"start":{"line":13,"column":21},"end":{"line":30,"column":3}},"line":13},"1":{"name":"(anonymous_1)","decl":{"start":{"line":32,"column":2},"end":{"line":32,"column":3}},"loc":{"start":{"line":32,"column":22},"end":{"line":35,"column":3}},"line":32},"2":{"name":"(anonymous_2)","decl":{"start":{"line":37,"column":17},"end":{"line":37,"column":18}},"loc":{"start":{"line":37,"column":23},"end":{"line":42,"column":3}},"line":37},"3":{"name":"(anonymous_3)","decl":{"start":{"line":39,"column":12},"end":{"line":39,"column":13}},"loc":{"start":{"line":39,"column":24},"end":{"line":39,"column":39}},"line":39},"4":{"name":"(anonymous_4)","decl":{"start":{"line":40,"column":12},"end":{"line":40,"column":13}},"loc":{"start":{"line":40,"column":22},"end":{"line":40,"column":49}},"line":40},"5":{"name":"(anonymous_5)","decl":{"start":{"line":41,"column":13},"end":{"line":41,"column":14}},"loc":{"start":{"line":41,"column":22},"end":{"line":41,"column":59}},"line":41},"6":{"name":"(anonymous_6)","decl":{"start":{"line":45,"column":19},"end":{"line":45,"column":20}},"loc":{"start":{"line":45,"column":31},"end":{"line":55,"column":3}},"line":45},"7":{"name":"(anonymous_7)","decl":{"start":{"line":57,"column":20},"end":{"line":57,"column":21}},"loc":{"start":{"line":57,"column":29},"end":{"line":64,"column":3}},"line":57},"8":{"name":"(anonymous_8)","decl":{"start":{"line":59,"column":12},"end":{"line":59,"column":13}},"loc":{"start":{"line":59,"column":24},"end":{"line":59,"column":39}},"line":59},"9":{"name":"(anonymous_9)","decl":{"start":{"line":60,"column":12},"end":{"line":60,"column":13}},"loc":{"start":{"line":60,"column":20},"end":{"line":60,"column":54}},"line":60},"10":{"name":"(anonymous_10)","decl":{"start":{"line":61,"column":12},"end":{"line":61,"column":13}},"loc":{"start":{"line":61,"column":25},"end":{"line":61,"column":60}},"line":61},"11":{"name":"(anonymous_11)","decl":{"start":{"line":62,"column":12},"end":{"line":62,"column":13}},"loc":{"start":{"line":62,"column":25},"end":{"line":62,"column":44}},"line":62},"12":{"name":"(anonymous_12)","decl":{"start":{"line":63,"column":13},"end":{"line":63,"column":14}},"loc":{"start":{"line":63,"column":22},"end":{"line":63,"column":44}},"line":63},"13":{"name":"(anonymous_13)","decl":{"start":{"line":66,"column":19},"end":{"line":66,"column":20}},"loc":{"start":{"line":66,"column":38},"end":{"line":83,"column":3}},"line":66},"14":{"name":"(anonymous_14)","decl":{"start":{"line":85,"column":17},"end":{"line":85,"column":18}},"loc":{"start":{"line":85,"column":23},"end":{"line":95,"column":3}},"line":85},"15":{"name":"(anonymous_15)","decl":{"start":{"line":90,"column":10},"end":{"line":90,"column":11}},"loc":{"start":{"line":90,"column":22},"end":{"line":90,"column":37}},"line":90},"16":{"name":"(anonymous_16)","decl":{"start":{"line":91,"column":10},"end":{"line":91,"column":11}},"loc":{"start":{"line":91,"column":21},"end":{"line":91,"column":61}},"line":91},"17":{"name":"(anonymous_17)","decl":{"start":{"line":92,"column":10},"end":{"line":92,"column":11}},"loc":{"start":{"line":92,"column":26},"end":{"line":92,"column":80}},"line":92},"18":{"name":"(anonymous_18)","decl":{"start":{"line":93,"column":11},"end":{"line":93,"column":12}},"loc":{"start":{"line":93,"column":20},"end":{"line":93,"column":42}},"line":93},"19":{"name":"(anonymous_19)","decl":{"start":{"line":97,"column":19},"end":{"line":97,"column":20}},"loc":{"start":{"line":97,"column":30},"end":{"line":112,"column":5}},"line":97},"20":{"name":"(anonymous_20)","decl":{"start":{"line":109,"column":10},"end":{"line":109,"column":11}},"loc":{"start":{"line":109,"column":22},"end":{"line":109,"column":37}},"line":109},"21":{"name":"(anonymous_21)","decl":{"start":{"line":110,"column":10},"end":{"line":110,"column":11}},"loc":{"start":{"line":110,"column":20},"end":{"line":110,"column":41}},"line":110},"22":{"name":"(anonymous_22)","decl":{"start":{"line":111,"column":11},"end":{"line":111,"column":12}},"loc":{"start":{"line":111,"column":20},"end":{"line":111,"column":38}},"line":111},"23":{"name":"(anonymous_23)","decl":{"start":{"line":115,"column":19},"end":{"line":115,"column":20}},"loc":{"start":{"line":115,"column":25},"end":{"line":121,"column":3}},"line":115},"24":{"name":"(anonymous_24)","decl":{"start":{"line":117,"column":10},"end":{"line":117,"column":11}},"loc":{"start":{"line":117,"column":22},"end":{"line":117,"column":37}},"line":117},"25":{"name":"(anonymous_25)","decl":{"start":{"line":118,"column":10},"end":{"line":118,"column":11}},"loc":{"start":{"line":118,"column":23},"end":{"line":118,"column":65}},"line":118},"26":{"name":"(anonymous_26)","decl":{"start":{"line":119,"column":10},"end":{"line":119,"column":11}},"loc":{"start":{"line":119,"column":20},"end":{"line":119,"column":39}},"line":119},"27":{"name":"(anonymous_27)","decl":{"start":{"line":120,"column":11},"end":{"line":120,"column":12}},"loc":{"start":{"line":120,"column":20},"end":{"line":120,"column":38}},"line":120},"28":{"name":"(anonymous_28)","decl":{"start":{"line":123,"column":19},"end":{"line":123,"column":20}},"loc":{"start":{"line":123,"column":33},"end":{"line":129,"column":3}},"line":123},"29":{"name":"(anonymous_29)","decl":{"start":{"line":124,"column":24},"end":{"line":124,"column":25}},"loc":{"start":{"line":124,"column":36},"end":{"line":128,"column":5}},"line":124},"30":{"name":"(anonymous_30)","decl":{"start":{"line":126,"column":12},"end":{"line":126,"column":13}},"loc":{"start":{"line":126,"column":24},"end":{"line":126,"column":39}},"line":126},"31":{"name":"(anonymous_31)","decl":{"start":{"line":127,"column":12},"end":{"line":127,"column":13}},"loc":{"start":{"line":127,"column":22},"end":{"line":127,"column":107}},"line":127},"32":{"name":"(anonymous_32)","decl":{"start":{"line":131,"column":17},"end":{"line":131,"column":18}},"loc":{"start":{"line":131,"column":29},"end":{"line":146,"column":3}},"line":131},"33":{"name":"(anonymous_33)","decl":{"start":{"line":133,"column":48},"end":{"line":133,"column":49}},"loc":{"start":{"line":133,"column":66},"end":{"line":142,"column":5}},"line":133},"34":{"name":"(anonymous_34)","decl":{"start":{"line":148,"column":14},"end":{"line":148,"column":15}},"loc":{"start":{"line":148,"column":24},"end":{"line":153,"column":3}},"line":148},"35":{"name":"(anonymous_35)","decl":{"start":{"line":149,"column":33},"end":{"line":149,"column":34}},"loc":{"start":{"line":149,"column":40},"end":{"line":151,"column":5}},"line":149},"36":{"name":"(anonymous_36)","decl":{"start":{"line":152,"column":24},"end":{"line":152,"column":25}},"loc":{"start":{"line":152,"column":35},"end":{"line":152,"column":56}},"line":152},"37":{"name":"(anonymous_37)","decl":{"start":{"line":155,"column":14},"end":{"line":155,"column":15}},"loc":{"start":{"line":155,"column":27},"end":{"line":166,"column":3}},"line":155},"38":{"name":"(anonymous_38)","decl":{"start":{"line":168,"column":13},"end":{"line":168,"column":14}},"loc":{"start":{"line":168,"column":19},"end":{"line":172,"column":3}},"line":168},"39":{"name":"(anonymous_39)","decl":{"start":{"line":174,"column":15},"end":{"line":174,"column":16}},"loc":{"start":{"line":174,"column":21},"end":{"line":178,"column":2}},"line":174},"40":{"name":"(anonymous_40)","decl":{"start":{"line":180,"column":18},"end":{"line":180,"column":19}},"loc":{"start":{"line":180,"column":24},"end":{"line":185,"column":3}},"line":180},"41":{"name":"(anonymous_41)","decl":{"start":{"line":187,"column":15},"end":{"line":187,"column":16}},"loc":{"start":{"line":187,"column":21},"end":{"line":191,"column":3}},"line":187},"42":{"name":"(anonymous_42)","decl":{"start":{"line":193,"column":2},"end":{"line":193,"column":3}},"loc":{"start":{"line":193,"column":11},"end":{"line":247,"column":3}},"line":193}},"branchMap":{"0":{"loc":{"start":{"line":69,"column":4},"end":{"line":78,"column":5}},"type":"switch","locations":[{"start":{"line":70,"column":6},"end":{"line":72,"column":12}},{"start":{"line":73,"column":6},"end":{"line":75,"column":12}},{"start":{"line":76,"column":6},"end":{"line":77,"column":19}}],"line":69},"1":{"loc":{"start":{"line":156,"column":4},"end":{"line":165,"column":5}},"type":"if","locations":[{"start":{"line":156,"column":4},"end":{"line":165,"column":5}},{"start":{"line":156,"column":4},"end":{"line":165,"column":5}}],"line":156},"2":{"loc":{"start":{"line":196,"column":3},"end":{"line":200,"column":4}},"type":"if","locations":[{"start":{"line":196,"column":3},"end":{"line":200,"column":4}},{"start":{"line":196,"column":3},"end":{"line":200,"column":4}}],"line":196},"3":{"loc":{"start":{"line":201,"column":4},"end":{"line":246,"column":5}},"type":"if","locations":[{"start":{"line":201,"column":4},"end":{"line":246,"column":5}},{"start":{"line":201,"column":4},"end":{"line":246,"column":5}}],"line":201},"4":{"loc":{"start":{"line":201,"column":7},"end":{"line":201,"column":49}},"type":"binary-expr","locations":[{"start":{"line":201,"column":7},"end":{"line":201,"column":18}},{"start":{"line":201,"column":22},"end":{"line":201,"column":31}},{"start":{"line":201,"column":35},"end":{"line":201,"column":49}}],"line":201},"5":{"loc":{"start":{"line":217,"column":21},"end":{"line":217,"column":75}},"type":"cond-expr","locations":[{"start":{"line":217,"column":42},"end":{"line":217,"column":55}},{"start":{"line":217,"column":58},"end":{"line":217,"column":75}}],"line":217},"6":{"loc":{"start":{"line":223,"column":11},"end":{"line":246,"column":5}},"type":"if","locations":[{"start":{"line":223,"column":11},"end":{"line":246,"column":5}},{"start":{"line":223,"column":11},"end":{"line":246,"column":5}}],"line":223},"7":{"loc":{"start":{"line":229,"column":11},"end":{"line":246,"column":5}},"type":"if","locations":[{"start":{"line":229,"column":11},"end":{"line":246,"column":5}},{"start":{"line":229,"column":11},"end":{"line":246,"column":5}}],"line":229},"8":{"loc":{"start":{"line":239,"column":11},"end":{"line":246,"column":5}},"type":"if","locations":[{"start":{"line":239,"column":11},"end":{"line":246,"column":5}},{"start":{"line":239,"column":11},"end":{"line":246,"column":5}}],"line":239}},"s":{"0":10,"1":10,"2":10,"3":10,"4":10,"5":0,"6":0,"7":0,"8":0,"9":0,"10":0,"11":0,"12":0,"13":0,"14":0,"15":0,"16":0,"17":0,"18":0,"19":0,"20":0,"21":0,"22":0,"23":0,"24":0,"25":0,"26":0,"27":0,"28":0,"29":0,"30":0,"31":0,"32":0,"33":0,"34":0,"35":0,"36":0,"37":0,"38":0,"39":0,"40":0,"41":11,"42":0,"43":0,"44":0,"45":0,"46":0,"47":0,"48":0,"49":0,"50":0,"51":0,"52":0,"53":0,"54":0,"55":0,"56":0,"57":0,"58":0,"59":0,"60":0,"61":0,"62":0,"63":0,"64":0,"65":0,"66":0,"67":0,"68":1,"69":1,"70":1,"71":1,"72":1,"73":14,"74":14,"75":14,"76":0,"77":14,"78":11,"79":3,"80":1,"81":2,"82":1,"83":1,"84":1,"85":2},"f":{"0":10,"1":10,"2":10,"3":0,"4":0,"5":0,"6":0,"7":0,"8":0,"9":0,"10":0,"11":0,"12":0,"13":0,"14":0,"15":0,"16":0,"17":0,"18":0,"19":0,"20":0,"21":0,"22":0,"23":11,"24":0,"25":0,"26":0,"27":0,"28":0,"29":0,"30":0,"31":0,"32":0,"33":0,"34":0,"35":0,"36":0,"37":0,"38":1,"39":1,"40":1,"41":1,"42":14},"b":{"0":[0,0,0],"1":[0,0],"2":[0,14],"3":[11,3],"4":[14,13,12],"5":[11,0],"6":[1,2],"7":[1,1],"8":[1,0]},"_coverageSchema":"43e27e138ebf9cfc5966b082cf9a028302ed4184","hash":"60846185e2004b7066bf7aa55c588ae0dbd00235"}
,"/Users/colevanacore/mod-4-projects/cross-poll-fe/components/Loading/Loading.js": {"path":"/Users/colevanacore/mod-4-projects/cross-poll-fe/components/Loading/Loading.js","statementMap":{"0":{"start":{"line":4,"column":16},"end":{"line":10,"column":1}},"1":{"start":{"line":5,"column":4},"end":{"line":9,"column":5}},"2":{"start":{"line":12,"column":15},"end":{"line":17,"column":2}}},"fnMap":{"0":{"name":"(anonymous_0)","decl":{"start":{"line":4,"column":16},"end":{"line":4,"column":17}},"loc":{"start":{"line":4,"column":22},"end":{"line":10,"column":1}},"line":4}},"branchMap":{},"s":{"0":6,"1":1,"2":6},"f":{"0":1},"b":{},"_coverageSchema":"43e27e138ebf9cfc5966b082cf9a028302ed4184","hash":"263554c3b1c0992af291e291f74acf6b4f77a9a2"}
,"/Users/colevanacore/mod-4-projects/cross-poll-fe/components/Login/Login.js": {"path":"/Users/colevanacore/mod-4-projects/cross-poll-fe/components/Login/Login.js","statementMap":{"0":{"start":{"line":8,"column":4},"end":{"line":8,"column":16}},"1":{"start":{"line":9,"column":4},"end":{"line":19,"column":5}},"2":{"start":{"line":23,"column":4},"end":{"line":27,"column":5}},"3":{"start":{"line":24,"column":6},"end":{"line":24,"column":26}},"4":{"start":{"line":26,"column":6},"end":{"line":26,"column":31}},"5":{"start":{"line":31,"column":32},"end":{"line":31,"column":42}},"6":{"start":{"line":32,"column":21},"end":{"line":35,"column":5}},"7":{"start":{"line":36,"column":4},"end":{"line":45,"column":39}},"8":{"start":{"line":43,"column":23},"end":{"line":43,"column":38}},"9":{"start":{"line":44,"column":21},"end":{"line":44,"column":47}},"10":{"start":{"line":45,"column":20},"end":{"line":45,"column":38}},"11":{"start":{"line":49,"column":4},"end":{"line":56,"column":5}},"12":{"start":{"line":50,"column":6},"end":{"line":53,"column":8}},"13":{"start":{"line":55,"column":6},"end":{"line":55,"column":66}},"14":{"start":{"line":60,"column":75},"end":{"line":60,"column":85}},"15":{"start":{"line":61,"column":21},"end":{"line":67,"column":5}},"16":{"start":{"line":68,"column":4},"end":{"line":77,"column":39}},"17":{"start":{"line":75,"column":23},"end":{"line":75,"column":38}},"18":{"start":{"line":76,"column":21},"end":{"line":76,"column":47}},"19":{"start":{"line":77,"column":20},"end":{"line":77,"column":38}},"20":{"start":{"line":81,"column":4},"end":{"line":83,"column":6}},"21":{"start":{"line":84,"column":4},"end":{"line":92,"column":6}},"22":{"start":{"line":96,"column":26},"end":{"line":96,"column":82}},"23":{"start":{"line":97,"column":25},"end":{"line":97,"column":79}},"24":{"start":{"line":98,"column":4},"end":{"line":102,"column":5}},"25":{"start":{"line":106,"column":4},"end":{"line":108,"column":18}},"26":{"start":{"line":112,"column":26},"end":{"line":112,"column":48}},"27":{"start":{"line":114,"column":4},"end":{"line":186,"column":5}},"28":{"start":{"line":142,"column":35},"end":{"line":142,"column":68}},"29":{"start":{"line":149,"column":35},"end":{"line":149,"column":67}},"30":{"start":{"line":157,"column":35},"end":{"line":157,"column":64}},"31":{"start":{"line":165,"column":35},"end":{"line":165,"column":67}},"32":{"start":{"line":172,"column":35},"end":{"line":172,"column":79}},"33":{"start":{"line":180,"column":21},"end":{"line":180,"column":38}},"34":{"start":{"line":190,"column":15},"end":{"line":326,"column":2}}},"fnMap":{"0":{"name":"(anonymous_0)","decl":{"start":{"line":7,"column":2},"end":{"line":7,"column":3}},"loc":{"start":{"line":7,"column":21},"end":{"line":20,"column":3}},"line":7},"1":{"name":"(anonymous_1)","decl":{"start":{"line":22,"column":15},"end":{"line":22,"column":16}},"loc":{"start":{"line":22,"column":21},"end":{"line":28,"column":3}},"line":22},"2":{"name":"(anonymous_2)","decl":{"start":{"line":30,"column":23},"end":{"line":30,"column":24}},"loc":{"start":{"line":30,"column":29},"end":{"line":46,"column":3}},"line":30},"3":{"name":"(anonymous_3)","decl":{"start":{"line":43,"column":11},"end":{"line":43,"column":12}},"loc":{"start":{"line":43,"column":23},"end":{"line":43,"column":38}},"line":43},"4":{"name":"(anonymous_4)","decl":{"start":{"line":44,"column":11},"end":{"line":44,"column":12}},"loc":{"start":{"line":44,"column":21},"end":{"line":44,"column":47}},"line":44},"5":{"name":"(anonymous_5)","decl":{"start":{"line":45,"column":11},"end":{"line":45,"column":12}},"loc":{"start":{"line":45,"column":20},"end":{"line":45,"column":38}},"line":45},"6":{"name":"(anonymous_6)","decl":{"start":{"line":48,"column":18},"end":{"line":48,"column":19}},"loc":{"start":{"line":48,"column":30},"end":{"line":57,"column":3}},"line":48},"7":{"name":"(anonymous_7)","decl":{"start":{"line":59,"column":18},"end":{"line":59,"column":19}},"loc":{"start":{"line":59,"column":24},"end":{"line":78,"column":3}},"line":59},"8":{"name":"(anonymous_8)","decl":{"start":{"line":75,"column":11},"end":{"line":75,"column":12}},"loc":{"start":{"line":75,"column":23},"end":{"line":75,"column":38}},"line":75},"9":{"name":"(anonymous_9)","decl":{"start":{"line":76,"column":11},"end":{"line":76,"column":12}},"loc":{"start":{"line":76,"column":21},"end":{"line":76,"column":47}},"line":76},"10":{"name":"(anonymous_10)","decl":{"start":{"line":77,"column":11},"end":{"line":77,"column":12}},"loc":{"start":{"line":77,"column":20},"end":{"line":77,"column":38}},"line":77},"11":{"name":"(anonymous_11)","decl":{"start":{"line":80,"column":16},"end":{"line":80,"column":17}},"loc":{"start":{"line":80,"column":36},"end":{"line":93,"column":3}},"line":80},"12":{"name":"(anonymous_12)","decl":{"start":{"line":95,"column":17},"end":{"line":95,"column":18}},"loc":{"start":{"line":95,"column":56},"end":{"line":103,"column":3}},"line":95},"13":{"name":"(anonymous_13)","decl":{"start":{"line":105,"column":20},"end":{"line":105,"column":21}},"loc":{"start":{"line":105,"column":37},"end":{"line":109,"column":3}},"line":105},"14":{"name":"(anonymous_14)","decl":{"start":{"line":111,"column":2},"end":{"line":111,"column":3}},"loc":{"start":{"line":111,"column":11},"end":{"line":187,"column":3}},"line":111},"15":{"name":"(anonymous_15)","decl":{"start":{"line":142,"column":24},"end":{"line":142,"column":25}},"loc":{"start":{"line":142,"column":35},"end":{"line":142,"column":68}},"line":142},"16":{"name":"(anonymous_16)","decl":{"start":{"line":149,"column":24},"end":{"line":149,"column":25}},"loc":{"start":{"line":149,"column":35},"end":{"line":149,"column":67}},"line":149},"17":{"name":"(anonymous_17)","decl":{"start":{"line":157,"column":24},"end":{"line":157,"column":25}},"loc":{"start":{"line":157,"column":35},"end":{"line":157,"column":64}},"line":157},"18":{"name":"(anonymous_18)","decl":{"start":{"line":165,"column":24},"end":{"line":165,"column":25}},"loc":{"start":{"line":165,"column":35},"end":{"line":165,"column":67}},"line":165},"19":{"name":"(anonymous_19)","decl":{"start":{"line":172,"column":24},"end":{"line":172,"column":25}},"loc":{"start":{"line":172,"column":35},"end":{"line":172,"column":79}},"line":172},"20":{"name":"(anonymous_20)","decl":{"start":{"line":180,"column":17},"end":{"line":180,"column":18}},"loc":{"start":{"line":180,"column":21},"end":{"line":180,"column":38}},"line":180}},"branchMap":{"0":{"loc":{"start":{"line":23,"column":4},"end":{"line":27,"column":5}},"type":"if","locations":[{"start":{"line":23,"column":4},"end":{"line":27,"column":5}},{"start":{"line":23,"column":4},"end":{"line":27,"column":5}}],"line":23},"1":{"loc":{"start":{"line":49,"column":4},"end":{"line":56,"column":5}},"type":"if","locations":[{"start":{"line":49,"column":4},"end":{"line":56,"column":5}},{"start":{"line":49,"column":4},"end":{"line":56,"column":5}}],"line":49},"2":{"loc":{"start":{"line":96,"column":26},"end":{"line":96,"column":82}},"type":"cond-expr","locations":[{"start":{"line":96,"column":37},"end":{"line":96,"column":57}},{"start":{"line":96,"column":60},"end":{"line":96,"column":82}}],"line":96},"3":{"loc":{"start":{"line":97,"column":25},"end":{"line":97,"column":79}},"type":"cond-expr","locations":[{"start":{"line":97,"column":36},"end":{"line":97,"column":55}},{"start":{"line":97,"column":58},"end":{"line":97,"column":79}}],"line":97},"4":{"loc":{"start":{"line":128,"column":21},"end":{"line":128,"column":100}},"type":"cond-expr","locations":[{"start":{"line":128,"column":63},"end":{"line":128,"column":80}},{"start":{"line":128,"column":83},"end":{"line":128,"column":100}}],"line":128},"5":{"loc":{"start":{"line":138,"column":17},"end":{"line":138,"column":87}},"type":"cond-expr","locations":[{"start":{"line":138,"column":59},"end":{"line":138,"column":71}},{"start":{"line":138,"column":74},"end":{"line":138,"column":87}}],"line":138},"6":{"loc":{"start":{"line":145,"column":17},"end":{"line":145,"column":87}},"type":"cond-expr","locations":[{"start":{"line":145,"column":59},"end":{"line":145,"column":71}},{"start":{"line":145,"column":74},"end":{"line":145,"column":87}}],"line":145},"7":{"loc":{"start":{"line":168,"column":17},"end":{"line":168,"column":87}},"type":"cond-expr","locations":[{"start":{"line":168,"column":59},"end":{"line":168,"column":71}},{"start":{"line":168,"column":74},"end":{"line":168,"column":87}}],"line":168},"8":{"loc":{"start":{"line":174,"column":21},"end":{"line":174,"column":75}},"type":"cond-expr","locations":[{"start":{"line":174,"column":40},"end":{"line":174,"column":59}},{"start":{"line":174,"column":62},"end":{"line":174,"column":75}}],"line":174}},"s":{"0":3,"1":3,"2":0,"3":0,"4":0,"5":0,"6":0,"7":0,"8":0,"9":0,"10":0,"11":0,"12":0,"13":0,"14":0,"15":0,"16":0,"17":0,"18":0,"19":0,"20":1,"21":1,"22":0,"23":0,"24":0,"25":0,"26":5,"27":5,"28":0,"29":0,"30":0,"31":0,"32":0,"33":0,"34":2},"f":{"0":3,"1":0,"2":0,"3":0,"4":0,"5":0,"6":0,"7":0,"8":0,"9":0,"10":0,"11":1,"12":0,"13":0,"14":5,"15":0,"16":0,"17":0,"18":0,"19":0,"20":0},"b":{"0":[0,0],"1":[0,0],"2":[0,0],"3":[0,0],"4":[5,0],"5":[5,0],"6":[5,0],"7":[5,0],"8":[4,1]},"_coverageSchema":"43e27e138ebf9cfc5966b082cf9a028302ed4184","hash":"71df26a605e97026db6d658caa3e2c3898e22f66"}
,"/Users/colevanacore/mod-4-projects/cross-poll-fe/components/Pet/Pet.js": {"path":"/Users/colevanacore/mod-4-projects/cross-poll-fe/components/Pet/Pet.js","statementMap":{"0":{"start":{"line":10,"column":4},"end":{"line":10,"column":16}},"1":{"start":{"line":11,"column":4},"end":{"line":14,"column":5}},"2":{"start":{"line":18,"column":4},"end":{"line":20,"column":6}},"3":{"start":{"line":24,"column":40},"end":{"line":24,"column":55}},"4":{"start":{"line":25,"column":4},"end":{"line":27,"column":6}},"5":{"start":{"line":28,"column":4},"end":{"line":28,"column":23}},"6":{"start":{"line":29,"column":4},"end":{"line":36,"column":5}},"7":{"start":{"line":31,"column":8},"end":{"line":31,"column":30}},"8":{"start":{"line":32,"column":8},"end":{"line":32,"column":14}},"9":{"start":{"line":34,"column":8},"end":{"line":34,"column":30}},"10":{"start":{"line":35,"column":8},"end":{"line":35,"column":14}},"11":{"start":{"line":40,"column":65},"end":{"line":40,"column":75}},"12":{"start":{"line":41,"column":4},"end":{"line":41,"column":18}},"13":{"start":{"line":42,"column":4},"end":{"line":42,"column":26}},"14":{"start":{"line":46,"column":4},"end":{"line":46,"column":33}},"15":{"start":{"line":50,"column":34},"end":{"line":50,"column":52}},"16":{"start":{"line":51,"column":27},"end":{"line":51,"column":37}},"17":{"start":{"line":52,"column":16},"end":{"line":52,"column":186}},"18":{"start":{"line":53,"column":4},"end":{"line":56,"column":40}},"19":{"start":{"line":54,"column":24},"end":{"line":54,"column":39}},"20":{"start":{"line":55,"column":22},"end":{"line":55,"column":64}},"21":{"start":{"line":56,"column":21},"end":{"line":56,"column":39}},"22":{"start":{"line":60,"column":19},"end":{"line":60,"column":33}},"23":{"start":{"line":61,"column":18},"end":{"line":61,"column":182}},"24":{"start":{"line":62,"column":25},"end":{"line":62,"column":49}},"25":{"start":{"line":63,"column":19},"end":{"line":68,"column":5}},"26":{"start":{"line":69,"column":4},"end":{"line":69,"column":40}},"27":{"start":{"line":70,"column":4},"end":{"line":79,"column":48}},"28":{"start":{"line":77,"column":24},"end":{"line":77,"column":39}},"29":{"start":{"line":78,"column":22},"end":{"line":78,"column":50}},"30":{"start":{"line":79,"column":21},"end":{"line":79,"column":47}},"31":{"start":{"line":83,"column":62},"end":{"line":83,"column":69}},"32":{"start":{"line":84,"column":19},"end":{"line":90,"column":5}},"33":{"start":{"line":91,"column":4},"end":{"line":100,"column":48}},"34":{"start":{"line":98,"column":24},"end":{"line":98,"column":39}},"35":{"start":{"line":99,"column":22},"end":{"line":99,"column":53}},"36":{"start":{"line":100,"column":21},"end":{"line":100,"column":47}},"37":{"start":{"line":104,"column":4},"end":{"line":168,"column":5}},"38":{"start":{"line":105,"column":6},"end":{"line":105,"column":24}},"39":{"start":{"line":107,"column":67},"end":{"line":107,"column":81}},"40":{"start":{"line":108,"column":26},"end":{"line":108,"column":36}},"41":{"start":{"line":109,"column":18},"end":{"line":109,"column":27}},"42":{"start":{"line":110,"column":6},"end":{"line":167,"column":7}},"43":{"start":{"line":111,"column":8},"end":{"line":113,"column":9}},"44":{"start":{"line":115,"column":8},"end":{"line":166,"column":9}},"45":{"start":{"line":118,"column":43},"end":{"line":118,"column":73}},"46":{"start":{"line":119,"column":36},"end":{"line":119,"column":59}},"47":{"start":{"line":171,"column":17},"end":{"line":174,"column":3}},"48":{"start":{"line":176,"column":15},"end":{"line":301,"column":2}}},"fnMap":{"0":{"name":"(anonymous_0)","decl":{"start":{"line":9,"column":2},"end":{"line":9,"column":3}},"loc":{"start":{"line":9,"column":21},"end":{"line":15,"column":3}},"line":9},"1":{"name":"(anonymous_1)","decl":{"start":{"line":17,"column":25},"end":{"line":17,"column":26}},"loc":{"start":{"line":17,"column":31},"end":{"line":21,"column":3}},"line":17},"2":{"name":"(anonymous_2)","decl":{"start":{"line":23,"column":12},"end":{"line":23,"column":13}},"loc":{"start":{"line":23,"column":43},"end":{"line":37,"column":3}},"line":23},"3":{"name":"(anonymous_3)","decl":{"start":{"line":39,"column":16},"end":{"line":39,"column":17}},"loc":{"start":{"line":39,"column":22},"end":{"line":43,"column":3}},"line":39},"4":{"name":"(anonymous_4)","decl":{"start":{"line":45,"column":17},"end":{"line":45,"column":18}},"loc":{"start":{"line":45,"column":23},"end":{"line":47,"column":3}},"line":45},"5":{"name":"(anonymous_5)","decl":{"start":{"line":49,"column":17},"end":{"line":49,"column":18}},"loc":{"start":{"line":49,"column":23},"end":{"line":57,"column":3}},"line":49},"6":{"name":"(anonymous_6)","decl":{"start":{"line":54,"column":12},"end":{"line":54,"column":13}},"loc":{"start":{"line":54,"column":24},"end":{"line":54,"column":39}},"line":54},"7":{"name":"(anonymous_7)","decl":{"start":{"line":55,"column":12},"end":{"line":55,"column":13}},"loc":{"start":{"line":55,"column":22},"end":{"line":55,"column":64}},"line":55},"8":{"name":"(anonymous_8)","decl":{"start":{"line":56,"column":12},"end":{"line":56,"column":13}},"loc":{"start":{"line":56,"column":21},"end":{"line":56,"column":39}},"line":56},"9":{"name":"(anonymous_9)","decl":{"start":{"line":59,"column":17},"end":{"line":59,"column":18}},"loc":{"start":{"line":59,"column":23},"end":{"line":80,"column":3}},"line":59},"10":{"name":"(anonymous_10)","decl":{"start":{"line":77,"column":12},"end":{"line":77,"column":13}},"loc":{"start":{"line":77,"column":24},"end":{"line":77,"column":39}},"line":77},"11":{"name":"(anonymous_11)","decl":{"start":{"line":78,"column":12},"end":{"line":78,"column":13}},"loc":{"start":{"line":78,"column":22},"end":{"line":78,"column":50}},"line":78},"12":{"name":"(anonymous_12)","decl":{"start":{"line":79,"column":12},"end":{"line":79,"column":13}},"loc":{"start":{"line":79,"column":21},"end":{"line":79,"column":47}},"line":79},"13":{"name":"(anonymous_13)","decl":{"start":{"line":82,"column":13},"end":{"line":82,"column":14}},"loc":{"start":{"line":82,"column":26},"end":{"line":101,"column":3}},"line":82},"14":{"name":"(anonymous_14)","decl":{"start":{"line":98,"column":12},"end":{"line":98,"column":13}},"loc":{"start":{"line":98,"column":24},"end":{"line":98,"column":39}},"line":98},"15":{"name":"(anonymous_15)","decl":{"start":{"line":99,"column":12},"end":{"line":99,"column":13}},"loc":{"start":{"line":99,"column":22},"end":{"line":99,"column":53}},"line":99},"16":{"name":"(anonymous_16)","decl":{"start":{"line":100,"column":12},"end":{"line":100,"column":13}},"loc":{"start":{"line":100,"column":21},"end":{"line":100,"column":47}},"line":100},"17":{"name":"(anonymous_17)","decl":{"start":{"line":103,"column":2},"end":{"line":103,"column":3}},"loc":{"start":{"line":103,"column":11},"end":{"line":169,"column":3}},"line":103},"18":{"name":"(anonymous_18)","decl":{"start":{"line":118,"column":21},"end":{"line":118,"column":22}},"loc":{"start":{"line":118,"column":43},"end":{"line":118,"column":73}},"line":118},"19":{"name":"(anonymous_19)","decl":{"start":{"line":119,"column":25},"end":{"line":119,"column":26}},"loc":{"start":{"line":119,"column":36},"end":{"line":119,"column":59}},"line":119}},"branchMap":{"0":{"loc":{"start":{"line":29,"column":4},"end":{"line":36,"column":5}},"type":"switch","locations":[{"start":{"line":30,"column":6},"end":{"line":32,"column":14}},{"start":{"line":33,"column":6},"end":{"line":35,"column":14}}],"line":29},"1":{"loc":{"start":{"line":104,"column":4},"end":{"line":168,"column":5}},"type":"if","locations":[{"start":{"line":104,"column":4},"end":{"line":168,"column":5}},{"start":{"line":104,"column":4},"end":{"line":168,"column":5}}],"line":104},"2":{"loc":{"start":{"line":110,"column":6},"end":{"line":167,"column":7}},"type":"if","locations":[{"start":{"line":110,"column":6},"end":{"line":167,"column":7}},{"start":{"line":110,"column":6},"end":{"line":167,"column":7}}],"line":110}},"s":{"0":1,"1":1,"2":0,"3":0,"4":0,"5":0,"6":0,"7":0,"8":0,"9":0,"10":0,"11":0,"12":0,"13":0,"14":0,"15":0,"16":0,"17":0,"18":0,"19":0,"20":0,"21":0,"22":0,"23":0,"24":0,"25":0,"26":0,"27":0,"28":0,"29":0,"30":0,"31":0,"32":0,"33":0,"34":0,"35":0,"36":0,"37":1,"38":0,"39":1,"40":1,"41":1,"42":1,"43":0,"44":1,"45":0,"46":0,"47":3,"48":3},"f":{"0":1,"1":0,"2":0,"3":0,"4":0,"5":0,"6":0,"7":0,"8":0,"9":0,"10":0,"11":0,"12":0,"13":0,"14":0,"15":0,"16":0,"17":1,"18":0,"19":0},"b":{"0":[0,0],"1":[0,1],"2":[0,1]},"_coverageSchema":"43e27e138ebf9cfc5966b082cf9a028302ed4184","hash":"0fc65bd06234ffc16f57543558fe331d4d452063"}
,"/Users/colevanacore/mod-4-projects/cross-poll-fe/components/PetInfo/PetInfo.js": {"path":"/Users/colevanacore/mod-4-projects/cross-poll-fe/components/PetInfo/PetInfo.js","statementMap":{"0":{"start":{"line":12,"column":4},"end":{"line":12,"column":16}},"1":{"start":{"line":13,"column":4},"end":{"line":16,"column":5}},"2":{"start":{"line":20,"column":22},"end":{"line":20,"column":36}},"3":{"start":{"line":21,"column":18},"end":{"line":26,"column":5}},"4":{"start":{"line":27,"column":4},"end":{"line":27,"column":32}},"5":{"start":{"line":31,"column":4},"end":{"line":33,"column":5}},"6":{"start":{"line":32,"column":6},"end":{"line":32,"column":24}},"7":{"start":{"line":34,"column":4},"end":{"line":108,"column":5}},"8":{"start":{"line":35,"column":67},"end":{"line":35,"column":81}},"9":{"start":{"line":36,"column":28},"end":{"line":36,"column":38}},"10":{"start":{"line":37,"column":20},"end":{"line":37,"column":29}},"11":{"start":{"line":38,"column":4},"end":{"line":105,"column":5}},"12":{"start":{"line":45,"column":35},"end":{"line":45,"column":67}},"13":{"start":{"line":56,"column":43},"end":{"line":56,"column":81}},"14":{"start":{"line":91,"column":25},"end":{"line":93,"column":14}},"15":{"start":{"line":107,"column":6},"end":{"line":107,"column":24}},"16":{"start":{"line":112,"column":15},"end":{"line":297,"column":2}}},"fnMap":{"0":{"name":"(anonymous_0)","decl":{"start":{"line":11,"column":2},"end":{"line":11,"column":3}},"loc":{"start":{"line":11,"column":21},"end":{"line":17,"column":3}},"line":11},"1":{"name":"(anonymous_1)","decl":{"start":{"line":19,"column":13},"end":{"line":19,"column":14}},"loc":{"start":{"line":19,"column":19},"end":{"line":28,"column":3}},"line":19},"2":{"name":"(anonymous_2)","decl":{"start":{"line":30,"column":2},"end":{"line":30,"column":3}},"loc":{"start":{"line":30,"column":11},"end":{"line":109,"column":3}},"line":30},"3":{"name":"(anonymous_3)","decl":{"start":{"line":45,"column":31},"end":{"line":45,"column":32}},"loc":{"start":{"line":45,"column":35},"end":{"line":45,"column":67}},"line":45},"4":{"name":"(anonymous_4)","decl":{"start":{"line":56,"column":32},"end":{"line":56,"column":33}},"loc":{"start":{"line":56,"column":43},"end":{"line":56,"column":81}},"line":56},"5":{"name":"(anonymous_5)","decl":{"start":{"line":91,"column":21},"end":{"line":91,"column":22}},"loc":{"start":{"line":91,"column":25},"end":{"line":93,"column":14}},"line":91}},"branchMap":{"0":{"loc":{"start":{"line":31,"column":4},"end":{"line":33,"column":5}},"type":"if","locations":[{"start":{"line":31,"column":4},"end":{"line":33,"column":5}},{"start":{"line":31,"column":4},"end":{"line":33,"column":5}}],"line":31},"1":{"loc":{"start":{"line":34,"column":4},"end":{"line":108,"column":5}},"type":"if","locations":[{"start":{"line":34,"column":4},"end":{"line":108,"column":5}},{"start":{"line":34,"column":4},"end":{"line":108,"column":5}}],"line":34},"2":{"loc":{"start":{"line":34,"column":7},"end":{"line":34,"column":43}},"type":"binary-expr","locations":[{"start":{"line":34,"column":7},"end":{"line":34,"column":21}},{"start":{"line":34,"column":25},"end":{"line":34,"column":43}}],"line":34}},"s":{"0":3,"1":3,"2":1,"3":1,"4":1,"5":3,"6":0,"7":3,"8":3,"9":3,"10":3,"11":3,"12":0,"13":0,"14":0,"15":0,"16":5},"f":{"0":3,"1":1,"2":3,"3":0,"4":0,"5":0},"b":{"0":[0,3],"1":[3,0],"2":[3,3]},"_coverageSchema":"43e27e138ebf9cfc5966b082cf9a028302ed4184","hash":"d30dbdc7076605e3ecc9a28c1e4310c38094dbe0"}
,"/Users/colevanacore/mod-4-projects/cross-poll-fe/components/helpers/helpers.js": {"path":"/Users/colevanacore/mod-4-projects/cross-poll-fe/components/helpers/helpers.js","statementMap":{"0":{"start":{"line":1,"column":27},"end":{"line":1,"column":66}},"1":{"start":{"line":1,"column":37},"end":{"line":1,"column":66}},"2":{"start":{"line":1,"column":57},"end":{"line":1,"column":65}},"3":{"start":{"line":3,"column":25},"end":{"line":29,"column":2}},"4":{"start":{"line":3,"column":35},"end":{"line":29,"column":2}},"5":{"start":{"line":5,"column":2},"end":{"line":9,"column":3}},"6":{"start":{"line":6,"column":4},"end":{"line":6,"column":56}},"7":{"start":{"line":8,"column":4},"end":{"line":8,"column":23}},"8":{"start":{"line":10,"column":2},"end":{"line":28,"column":4}},"9":{"start":{"line":31,"column":24},"end":{"line":59,"column":1}},"10":{"start":{"line":33,"column":2},"end":{"line":37,"column":3}},"11":{"start":{"line":34,"column":4},"end":{"line":34,"column":56}},"12":{"start":{"line":36,"column":4},"end":{"line":36,"column":23}},"13":{"start":{"line":38,"column":19},"end":{"line":56,"column":3}},"14":{"start":{"line":58,"column":2},"end":{"line":58,"column":17}},"15":{"start":{"line":61,"column":29},"end":{"line":74,"column":1}},"16":{"start":{"line":62,"column":25},"end":{"line":72,"column":3}},"17":{"start":{"line":73,"column":2},"end":{"line":73,"column":24}}},"fnMap":{"0":{"name":"(anonymous_0)","decl":{"start":{"line":1,"column":27},"end":{"line":1,"column":28}},"loc":{"start":{"line":1,"column":37},"end":{"line":1,"column":66}},"line":1},"1":{"name":"(anonymous_1)","decl":{"start":{"line":1,"column":48},"end":{"line":1,"column":49}},"loc":{"start":{"line":1,"column":57},"end":{"line":1,"column":65}},"line":1},"2":{"name":"(anonymous_2)","decl":{"start":{"line":3,"column":25},"end":{"line":3,"column":26}},"loc":{"start":{"line":3,"column":35},"end":{"line":29,"column":2}},"line":3},"3":{"name":"(anonymous_3)","decl":{"start":{"line":3,"column":44},"end":{"line":3,"column":45}},"loc":{"start":{"line":3,"column":53},"end":{"line":29,"column":1}},"line":3},"4":{"name":"(anonymous_4)","decl":{"start":{"line":31,"column":24},"end":{"line":31,"column":25}},"loc":{"start":{"line":31,"column":33},"end":{"line":59,"column":1}},"line":31},"5":{"name":"(anonymous_5)","decl":{"start":{"line":61,"column":29},"end":{"line":61,"column":30}},"loc":{"start":{"line":61,"column":42},"end":{"line":74,"column":1}},"line":61}},"branchMap":{"0":{"loc":{"start":{"line":5,"column":2},"end":{"line":9,"column":3}},"type":"if","locations":[{"start":{"line":5,"column":2},"end":{"line":9,"column":3}},{"start":{"line":5,"column":2},"end":{"line":9,"column":3}}],"line":5},"1":{"loc":{"start":{"line":33,"column":2},"end":{"line":37,"column":3}},"type":"if","locations":[{"start":{"line":33,"column":2},"end":{"line":37,"column":3}},{"start":{"line":33,"column":2},"end":{"line":37,"column":3}}],"line":33}},"s":{"0":6,"1":3,"2":15,"3":6,"4":1,"5":1,"6":1,"7":0,"8":1,"9":6,"10":1,"11":1,"12":0,"13":1,"14":1,"15":6,"16":1,"17":1},"f":{"0":3,"1":15,"2":1,"3":1,"4":1,"5":1},"b":{"0":[1,0],"1":[1,0]},"_coverageSchema":"43e27e138ebf9cfc5966b082cf9a028302ed4184","hash":"ccd6935cc597a409b0753496fa663f7b0f78c667"}
}
