TN:
SF:/Users/colevanacore/mod-4-projects/cross-poll-fe/components/apiKey.js
FNF:0
FNH:0
DA:3,4
LF:1
LH:1
BRF:0
BRH:0
end_of_record
TN:
SF:/Users/colevanacore/mod-4-projects/cross-poll-fe/components/App/App.js
FN:7,(anonymous_0)
FN:17,(anonymous_1)
FN:21,(anonymous_2)
FN:26,(anonymous_3)
FN:40,(anonymous_4)
FN:41,(anonymous_5)
FN:42,(anonymous_6)
FN:45,(anonymous_7)
FNF:8
FNH:0
FNDA:0,(anonymous_0)
FNDA:0,(anonymous_1)
FNDA:0,(anonymous_2)
FNDA:0,(anonymous_3)
FNDA:0,(anonymous_4)
FNDA:0,(anonymous_5)
FNDA:0,(anonymous_6)
FNDA:0,(anonymous_7)
DA:8,0
DA:9,0
DA:18,0
DA:22,0
DA:23,0
DA:27,0
DA:28,0
DA:33,0
DA:40,0
DA:41,0
DA:42,0
DA:46,0
DA:48,0
DA:49,0
DA:53,0
DA:56,0
DA:64,0
LF:17
LH:0
BRDA:48,0,0,0
BRDA:48,0,1,0
BRF:2
BRH:0
end_of_record
TN:
SF:/Users/colevanacore/mod-4-projects/cross-poll-fe/components/FavesInfo/FavesInfo.js
FN:8,(anonymous_0)
FN:12,(anonymous_1)
FNF:2
FNH:2
FNDA:1,(anonymous_0)
FNDA:1,(anonymous_1)
DA:9,1
DA:13,1
DA:14,1
DA:16,1
DA:17,1
DA:46,0
DA:55,4
LF:7
LH:6
BRDA:16,0,0,1
BRDA:16,0,1,0
BRF:2
BRH:1
end_of_record
TN:
SF:/Users/colevanacore/mod-4-projects/cross-poll-fe/components/Favorites/Favorites.js
FN:11,(anonymous_0)
FN:21,(anonymous_1)
FN:26,(anonymous_2)
FN:27,(anonymous_3)
FN:28,(anonymous_4)
FN:29,(anonymous_5)
FN:30,(anonymous_6)
FN:31,(anonymous_7)
FN:34,(anonymous_8)
FN:37,(anonymous_9)
FN:38,(anonymous_10)
FN:39,(anonymous_11)
FN:40,(anonymous_12)
FN:43,(anonymous_13)
FN:56,(anonymous_14)
FN:57,(anonymous_15)
FN:58,(anonymous_16)
FN:61,(anonymous_17)
FN:66,(anonymous_18)
FN:72,(anonymous_19)
FN:94,(anonymous_20)
FN:97,(anonymous_21)
FN:106,(anonymous_22)
FNF:23
FNH:2
FNDA:1,(anonymous_0)
FNDA:0,(anonymous_1)
FNDA:0,(anonymous_2)
FNDA:0,(anonymous_3)
FNDA:0,(anonymous_4)
FNDA:0,(anonymous_5)
FNDA:0,(anonymous_6)
FNDA:0,(anonymous_7)
FNDA:0,(anonymous_8)
FNDA:0,(anonymous_9)
FNDA:0,(anonymous_10)
FNDA:0,(anonymous_11)
FNDA:0,(anonymous_12)
FNDA:0,(anonymous_13)
FNDA:0,(anonymous_14)
FNDA:0,(anonymous_15)
FNDA:0,(anonymous_16)
FNDA:0,(anonymous_17)
FNDA:0,(anonymous_18)
FNDA:1,(anonymous_19)
FNDA:0,(anonymous_20)
FNDA:0,(anonymous_21)
FNDA:0,(anonymous_22)
DA:12,1
DA:13,1
DA:23,0
DA:24,0
DA:25,0
DA:26,0
DA:27,0
DA:28,0
DA:29,0
DA:30,0
DA:31,0
DA:35,0
DA:36,0
DA:37,0
DA:38,0
DA:39,0
DA:40,0
DA:44,0
DA:45,0
DA:49,0
DA:56,0
DA:57,0
DA:58,0
DA:62,0
DA:63,0
DA:67,0
DA:73,1
DA:74,1
DA:76,1
DA:77,0
DA:91,1
DA:92,1
DA:94,0
DA:95,0
DA:97,0
DA:106,0
DA:118,1
DA:136,3
LF:38
LH:9
BRDA:76,0,0,0
BRDA:76,0,1,1
BRDA:91,1,0,1
BRDA:91,1,1,0
BRF:4
BRH:2
end_of_record
TN:
SF:/Users/colevanacore/mod-4-projects/cross-poll-fe/components/Filter/Filter.js
FN:7,(anonymous_0)
FN:17,(anonymous_1)
FN:23,(anonymous_2)
FN:29,(anonymous_3)
FN:35,(anonymous_4)
FN:41,(anonymous_5)
FN:51,(anonymous_6)
FN:59,(anonymous_7)
FN:117,(anonymous_8)
FNF:9
FNH:2
FNDA:1,(anonymous_0)
FNDA:0,(anonymous_1)
FNDA:0,(anonymous_2)
FNDA:0,(anonymous_3)
FNDA:0,(anonymous_4)
FNDA:0,(anonymous_5)
FNDA:0,(anonymous_6)
FNDA:1,(anonymous_7)
FNDA:0,(anonymous_8)
DA:8,1
DA:9,1
DA:18,0
DA:24,0
DA:30,0
DA:36,0
DA:42,0
DA:43,0
DA:44,0
DA:52,0
DA:60,1
DA:68,1
DA:74,1
DA:79,1
DA:80,1
DA:117,0
DA:124,0
DA:129,3
LF:18
LH:8
BRDA:42,0,0,0
BRDA:42,0,1,0
BRDA:43,1,0,0
BRDA:43,1,1,0
BRDA:79,2,0,1
BRDA:79,2,1,0
BRDA:86,3,0,1
BRDA:86,3,1,1
BRF:8
BRH:3
end_of_record
TN:
SF:/Users/colevanacore/mod-4-projects/cross-poll-fe/components/Home/Home.js
FN:13,(anonymous_0)
FN:32,(anonymous_1)
FN:37,(anonymous_2)
FN:39,(anonymous_3)
FN:40,(anonymous_4)
FN:41,(anonymous_5)
FN:45,(anonymous_6)
FN:58,(anonymous_7)
FN:60,(anonymous_8)
FN:61,(anonymous_9)
FN:62,(anonymous_10)
FN:63,(anonymous_11)
FN:64,(anonymous_12)
FN:67,(anonymous_13)
FN:86,(anonymous_14)
FN:91,(anonymous_15)
FN:92,(anonymous_16)
FN:93,(anonymous_17)
FN:94,(anonymous_18)
FN:98,(anonymous_19)
FN:110,(anonymous_20)
FN:111,(anonymous_21)
FN:112,(anonymous_22)
FN:116,(anonymous_23)
FN:118,(anonymous_24)
FN:119,(anonymous_25)
FN:120,(anonymous_26)
FN:121,(anonymous_27)
FN:124,(anonymous_28)
FN:125,(anonymous_29)
FN:127,(anonymous_30)
FN:128,(anonymous_31)
FN:132,(anonymous_32)
FN:134,(anonymous_33)
FN:149,(anonymous_34)
FN:150,(anonymous_35)
FN:154,(anonymous_36)
FN:157,(anonymous_37)
FN:170,(anonymous_38)
FN:176,(anonymous_39)
FN:182,(anonymous_40)
FN:189,(anonymous_41)
FN:196,(anonymous_42)
FNF:43
FNH:5
FNDA:2,(anonymous_0)
FNDA:2,(anonymous_1)
FNDA:2,(anonymous_2)
FNDA:0,(anonymous_3)
FNDA:0,(anonymous_4)
FNDA:0,(anonymous_5)
FNDA:0,(anonymous_6)
FNDA:0,(anonymous_7)
FNDA:0,(anonymous_8)
FNDA:0,(anonymous_9)
FNDA:0,(anonymous_10)
FNDA:0,(anonymous_11)
FNDA:0,(anonymous_12)
FNDA:0,(anonymous_13)
FNDA:0,(anonymous_14)
FNDA:0,(anonymous_15)
FNDA:0,(anonymous_16)
FNDA:0,(anonymous_17)
FNDA:0,(anonymous_18)
FNDA:0,(anonymous_19)
FNDA:0,(anonymous_20)
FNDA:0,(anonymous_21)
FNDA:0,(anonymous_22)
FNDA:2,(anonymous_23)
FNDA:0,(anonymous_24)
FNDA:0,(anonymous_25)
FNDA:0,(anonymous_26)
FNDA:0,(anonymous_27)
FNDA:0,(anonymous_28)
FNDA:0,(anonymous_29)
FNDA:0,(anonymous_30)
FNDA:0,(anonymous_31)
FNDA:0,(anonymous_32)
FNDA:0,(anonymous_33)
FNDA:0,(anonymous_34)
FNDA:0,(anonymous_35)
FNDA:0,(anonymous_36)
FNDA:0,(anonymous_37)
FNDA:0,(anonymous_38)
FNDA:0,(anonymous_39)
FNDA:0,(anonymous_40)
FNDA:0,(anonymous_41)
FNDA:2,(anonymous_42)
DA:14,2
DA:15,2
DA:33,2
DA:34,2
DA:38,2
DA:39,0
DA:40,0
DA:41,0
DA:46,0
DA:47,0
DA:48,0
DA:55,0
DA:59,0
DA:60,0
DA:61,0
DA:62,0
DA:63,0
DA:64,0
DA:68,0
DA:70,0
DA:72,0
DA:73,0
DA:75,0
DA:76,0
DA:78,0
DA:80,0
DA:81,0
DA:82,0
DA:83,0
DA:87,0
DA:88,0
DA:89,0
DA:90,0
DA:91,0
DA:92,0
DA:93,0
DA:94,0
DA:99,0
DA:103,0
DA:110,0
DA:111,0
DA:112,0
DA:117,2
DA:118,0
DA:119,0
DA:120,0
DA:121,0
DA:125,0
DA:126,0
DA:127,0
DA:128,0
DA:134,0
DA:135,0
DA:136,0
DA:137,0
DA:138,0
DA:139,0
DA:141,0
DA:144,0
DA:145,0
DA:146,0
DA:150,0
DA:151,0
DA:153,0
DA:154,0
DA:158,0
DA:159,0
DA:163,0
DA:164,0
DA:171,0
DA:177,0
DA:183,0
DA:186,0
DA:190,0
DA:197,2
DA:198,2
DA:199,2
DA:200,2
DA:224,0
DA:225,0
DA:230,0
DA:231,0
DA:246,0
DA:247,0
DA:257,2
LF:85
LH:11
BRDA:70,0,0,0
BRDA:70,0,1,0
BRDA:70,0,2,0
BRDA:158,1,0,0
BRDA:158,1,1,0
BRDA:199,2,0,2
BRDA:199,2,1,0
BRDA:199,3,0,2
BRDA:199,3,1,2
BRDA:199,3,2,2
BRDA:214,4,0,2
BRDA:214,4,1,0
BRDA:224,5,0,0
BRDA:224,5,1,0
BRDA:230,6,0,0
BRDA:230,6,1,0
BRDA:246,7,0,0
BRDA:246,7,1,0
BRF:18
BRH:5
end_of_record
TN:
SF:/Users/colevanacore/mod-4-projects/cross-poll-fe/components/Loading/Loading.js
FN:4,(anonymous_0)
FNF:1
FNH:1
FNDA:1,(anonymous_0)
DA:4,6
DA:5,1
DA:12,6
LF:3
LH:3
BRF:0
BRH:0
end_of_record
TN:
SF:/Users/colevanacore/mod-4-projects/cross-poll-fe/components/Login/Login.js
FN:7,(anonymous_0)
FN:22,(anonymous_1)
FN:30,(anonymous_2)
FN:43,(anonymous_3)
FN:44,(anonymous_4)
FN:45,(anonymous_5)
FN:48,(anonymous_6)
FN:59,(anonymous_7)
FN:76,(anonymous_8)
FN:77,(anonymous_9)
FN:78,(anonymous_10)
FN:81,(anonymous_11)
FN:94,(anonymous_12)
FN:107,(anonymous_13)
FN:122,(anonymous_14)
FN:132,(anonymous_15)
FN:138,(anonymous_16)
FN:169,(anonymous_17)
FN:176,(anonymous_18)
FN:184,(anonymous_19)
FN:192,(anonymous_20)
FN:199,(anonymous_21)
FN:207,(anonymous_22)
FNF:23
FNH:2
FNDA:1,(anonymous_0)
FNDA:0,(anonymous_1)
FNDA:0,(anonymous_2)
FNDA:0,(anonymous_3)
FNDA:0,(anonymous_4)
FNDA:0,(anonymous_5)
FNDA:0,(anonymous_6)
FNDA:0,(anonymous_7)
FNDA:0,(anonymous_8)
FNDA:0,(anonymous_9)
FNDA:0,(anonymous_10)
FNDA:0,(anonymous_11)
FNDA:0,(anonymous_12)
FNDA:0,(anonymous_13)
FNDA:0,(anonymous_14)
FNDA:0,(anonymous_15)
FNDA:1,(anonymous_16)
FNDA:0,(anonymous_17)
FNDA:0,(anonymous_18)
FNDA:0,(anonymous_19)
FNDA:0,(anonymous_20)
FNDA:0,(anonymous_21)
FNDA:0,(anonymous_22)
DA:8,1
DA:9,1
DA:23,0
DA:24,0
DA:26,0
DA:31,0
DA:32,0
DA:36,0
DA:43,0
DA:44,0
DA:45,0
DA:49,0
DA:50,0
DA:55,0
DA:60,0
DA:61,0
DA:68,0
DA:69,0
DA:76,0
DA:77,0
DA:78,0
DA:82,0
DA:95,0
DA:108,0
DA:111,0
DA:123,0
DA:124,0
DA:125,0
DA:133,0
DA:139,1
DA:141,1
DA:169,0
DA:176,0
DA:184,0
DA:192,0
DA:199,0
DA:207,0
DA:217,1
LF:38
LH:5
BRDA:23,0,0,0
BRDA:23,0,1,0
BRDA:49,1,0,0
BRDA:49,1,1,0
BRDA:123,2,0,0
BRDA:123,2,1,0
BRDA:124,3,0,0
BRDA:124,3,1,0
BRDA:155,4,0,1
BRDA:155,4,1,0
BRDA:165,5,0,1
BRDA:165,5,1,0
BRDA:172,6,0,1
BRDA:172,6,1,0
BRDA:195,7,0,1
BRDA:195,7,1,0
BRDA:201,8,0,1
BRDA:201,8,1,0
BRF:18
BRH:5
end_of_record
TN:
SF:/Users/colevanacore/mod-4-projects/cross-poll-fe/components/Pet/Pet.js
FN:10,(anonymous_0)
FN:18,(anonymous_1)
FN:22,(anonymous_2)
FN:28,(anonymous_3)
FN:44,(anonymous_4)
FN:50,(anonymous_5)
FN:54,(anonymous_6)
FN:59,(anonymous_7)
FN:60,(anonymous_8)
FN:61,(anonymous_9)
FN:64,(anonymous_10)
FN:81,(anonymous_11)
FN:82,(anonymous_12)
FN:83,(anonymous_13)
FN:86,(anonymous_14)
FN:123,(anonymous_15)
FN:124,(anonymous_16)
FNF:17
FNH:3
FNDA:1,(anonymous_0)
FNDA:1,(anonymous_1)
FNDA:0,(anonymous_2)
FNDA:0,(anonymous_3)
FNDA:0,(anonymous_4)
FNDA:0,(anonymous_5)
FNDA:0,(anonymous_6)
FNDA:0,(anonymous_7)
FNDA:0,(anonymous_8)
FNDA:0,(anonymous_9)
FNDA:0,(anonymous_10)
FNDA:0,(anonymous_11)
FNDA:0,(anonymous_12)
FNDA:0,(anonymous_13)
FNDA:1,(anonymous_14)
FNDA:0,(anonymous_15)
FNDA:0,(anonymous_16)
DA:11,1
DA:12,1
DA:23,0
DA:29,0
DA:30,0
DA:33,0
DA:34,0
DA:36,0
DA:37,0
DA:39,0
DA:40,0
DA:45,0
DA:46,0
DA:47,0
DA:51,0
DA:55,0
DA:56,0
DA:57,0
DA:58,0
DA:59,0
DA:60,0
DA:61,0
DA:65,0
DA:66,0
DA:67,0
DA:68,0
DA:74,0
DA:81,0
DA:82,0
DA:83,0
DA:87,1
DA:88,0
DA:90,1
DA:91,1
DA:92,1
DA:93,1
DA:94,0
DA:120,1
DA:123,0
DA:124,0
DA:165,3
DA:170,3
LF:42
LH:10
BRDA:34,0,0,0
BRDA:34,0,1,0
BRDA:87,1,0,0
BRDA:87,1,1,1
BRDA:93,2,0,0
BRDA:93,2,1,1
BRF:6
BRH:2
end_of_record
TN:
SF:/Users/colevanacore/mod-4-projects/cross-poll-fe/components/helpers/helpers.js
FN:1,(anonymous_0)
FN:1,(anonymous_1)
FN:3,(anonymous_2)
FN:3,(anonymous_3)
FN:31,(anonymous_4)
FN:61,(anonymous_5)
FNF:6
FNH:0
FNDA:0,(anonymous_0)
FNDA:0,(anonymous_1)
FNDA:0,(anonymous_2)
FNDA:0,(anonymous_3)
FNDA:0,(anonymous_4)
FNDA:0,(anonymous_5)
DA:1,5
DA:3,5
DA:5,0
DA:6,0
DA:8,0
DA:10,0
DA:31,5
DA:33,0
DA:34,0
DA:36,0
DA:38,0
DA:58,0
DA:61,5
DA:62,0
DA:63,0
DA:74,0
DA:75,0
LF:17
LH:4
BRDA:5,0,0,0
BRDA:5,0,1,0
BRDA:33,1,0,0
BRDA:33,1,1,0
BRF:4
BRH:0
end_of_record
