TN:
SF:/Users/ashleylevi/Desktop/module4/cross-poll-fe/components/apiKey.js
FNF:0
FNH:0
DA:1,4
LF:1
LH:1
BRF:0
BRH:0
end_of_record
TN:
SF:/Users/ashleylevi/Desktop/module4/cross-poll-fe/components/App/App.js
FN:7,(anonymous_0)
FN:17,(anonymous_1)
FN:21,(anonymous_2)
FN:26,(anonymous_3)
FN:40,(anonymous_4)
FN:41,(anonymous_5)
FN:42,(anonymous_6)
FN:45,(anonymous_7)
FN:51,(anonymous_8)
FNF:9
FNH:5
FNDA:3,(anonymous_0)
FNDA:1,(anonymous_1)
FNDA:1,(anonymous_2)
FNDA:0,(anonymous_3)
FNDA:0,(anonymous_4)
FNDA:0,(anonymous_5)
FNDA:0,(anonymous_6)
FNDA:1,(anonymous_7)
FNDA:6,(anonymous_8)
DA:8,3
DA:9,3
DA:18,1
DA:22,1
DA:23,1
DA:27,0
DA:28,0
DA:33,0
DA:40,0
DA:41,0
DA:42,0
DA:46,1
DA:52,6
DA:54,6
DA:55,5
DA:59,1
DA:63,6
DA:71,1
LF:18
LH:12
BRDA:54,0,0,5
BRDA:54,0,1,1
BRF:2
BRH:2
end_of_record
TN:
SF:/Users/ashleylevi/Desktop/module4/cross-poll-fe/components/FavesInfo/FavesInfo.js
FN:8,(anonymous_0)
FN:12,(anonymous_1)
FNF:2
FNH:2
FNDA:1,(anonymous_0)
FNDA:1,(anonymous_1)
DA:9,1
DA:13,1
DA:14,1
DA:16,1
DA:17,1
DA:46,0
DA:55,4
LF:7
LH:6
BRDA:16,0,0,1
BRDA:16,0,1,0
BRF:2
BRH:1
end_of_record
TN:
SF:/Users/ashleylevi/Desktop/module4/cross-poll-fe/components/Favorites/Favorites.js
FN:11,(anonymous_0)
FN:21,(anonymous_1)
FN:23,(anonymous_2)
FN:24,(anonymous_3)
FN:25,(anonymous_4)
FN:26,(anonymous_5)
FN:27,(anonymous_6)
FN:28,(anonymous_7)
FN:31,(anonymous_8)
FN:34,(anonymous_9)
FN:35,(anonymous_10)
FN:36,(anonymous_11)
FN:37,(anonymous_12)
FN:38,(anonymous_13)
FN:41,(anonymous_14)
FN:54,(anonymous_15)
FN:55,(anonymous_16)
FN:56,(anonymous_17)
FN:59,(anonymous_18)
FN:64,(anonymous_19)
FN:70,(anonymous_20)
FN:92,(anonymous_21)
FN:95,(anonymous_22)
FN:104,(anonymous_23)
FNF:24
FNH:3
FNDA:2,(anonymous_0)
FNDA:0,(anonymous_1)
FNDA:0,(anonymous_2)
FNDA:0,(anonymous_3)
FNDA:0,(anonymous_4)
FNDA:0,(anonymous_5)
FNDA:0,(anonymous_6)
FNDA:0,(anonymous_7)
FNDA:0,(anonymous_8)
FNDA:0,(anonymous_9)
FNDA:0,(anonymous_10)
FNDA:0,(anonymous_11)
FNDA:0,(anonymous_12)
FNDA:0,(anonymous_13)
FNDA:0,(anonymous_14)
FNDA:0,(anonymous_15)
FNDA:0,(anonymous_16)
FNDA:0,(anonymous_17)
FNDA:0,(anonymous_18)
FNDA:1,(anonymous_19)
FNDA:3,(anonymous_20)
FNDA:0,(anonymous_21)
FNDA:0,(anonymous_22)
FNDA:0,(anonymous_23)
DA:12,2
DA:13,2
DA:22,0
DA:23,0
DA:24,0
DA:25,0
DA:26,0
DA:27,0
DA:28,0
DA:32,0
DA:33,0
DA:34,0
DA:35,0
DA:36,0
DA:37,0
DA:38,0
DA:42,0
DA:43,0
DA:47,0
DA:54,0
DA:55,0
DA:56,0
DA:60,0
DA:61,0
DA:65,1
DA:71,3
DA:72,3
DA:74,3
DA:75,0
DA:89,3
DA:90,3
DA:92,0
DA:93,0
DA:95,0
DA:104,0
DA:116,3
DA:134,3
LF:37
LH:10
BRDA:74,0,0,0
BRDA:74,0,1,3
BRDA:89,1,0,3
BRDA:89,1,1,0
BRF:4
BRH:2
end_of_record
TN:
SF:/Users/ashleylevi/Desktop/module4/cross-poll-fe/components/Filter/Filter.js
FN:9,(anonymous_0)
FN:19,(anonymous_1)
FN:25,(anonymous_2)
FN:31,(anonymous_3)
FN:37,(anonymous_4)
FN:43,(anonymous_5)
FN:53,(anonymous_6)
FN:61,(anonymous_7)
FN:130,(anonymous_8)
FNF:9
FNH:6
FNDA:5,(anonymous_0)
FNDA:1,(anonymous_1)
FNDA:1,(anonymous_2)
FNDA:1,(anonymous_3)
FNDA:1,(anonymous_4)
FNDA:0,(anonymous_5)
FNDA:0,(anonymous_6)
FNDA:9,(anonymous_7)
FNDA:0,(anonymous_8)
DA:10,5
DA:11,5
DA:20,1
DA:26,1
DA:32,1
DA:38,1
DA:44,0
DA:45,0
DA:46,0
DA:54,0
DA:62,9
DA:70,9
DA:76,9
DA:81,9
DA:82,9
DA:130,0
DA:138,0
DA:143,3
LF:18
LH:12
BRDA:44,0,0,0
BRDA:44,0,1,0
BRDA:45,1,0,0
BRDA:45,1,1,0
BRDA:81,2,0,9
BRDA:81,2,1,0
BRF:6
BRH:1
end_of_record
TN:
SF:/Users/ashleylevi/Desktop/module4/cross-poll-fe/components/Home/Home.js
FN:12,(anonymous_0)
FN:31,(anonymous_1)
FN:36,(anonymous_2)
FN:38,(anonymous_3)
FN:39,(anonymous_4)
FN:40,(anonymous_5)
FN:44,(anonymous_6)
FN:56,(anonymous_7)
FN:58,(anonymous_8)
FN:59,(anonymous_9)
FN:60,(anonymous_10)
FN:61,(anonymous_11)
FN:62,(anonymous_12)
FN:65,(anonymous_13)
FN:84,(anonymous_14)
FN:89,(anonymous_15)
FN:90,(anonymous_16)
FN:91,(anonymous_17)
FN:92,(anonymous_18)
FN:96,(anonymous_19)
FN:108,(anonymous_20)
FN:109,(anonymous_21)
FN:110,(anonymous_22)
FN:114,(anonymous_23)
FN:116,(anonymous_24)
FN:117,(anonymous_25)
FN:118,(anonymous_26)
FN:119,(anonymous_27)
FN:122,(anonymous_28)
FN:123,(anonymous_29)
FN:125,(anonymous_30)
FN:126,(anonymous_31)
FN:130,(anonymous_32)
FN:132,(anonymous_33)
FN:147,(anonymous_34)
FN:148,(anonymous_35)
FN:151,(anonymous_36)
FN:154,(anonymous_37)
FN:167,(anonymous_38)
FN:173,(anonymous_39)
FN:179,(anonymous_40)
FN:186,(anonymous_41)
FN:193,(anonymous_42)
FNF:43
FNH:9
FNDA:10,(anonymous_0)
FNDA:10,(anonymous_1)
FNDA:10,(anonymous_2)
FNDA:0,(anonymous_3)
FNDA:0,(anonymous_4)
FNDA:0,(anonymous_5)
FNDA:0,(anonymous_6)
FNDA:0,(anonymous_7)
FNDA:0,(anonymous_8)
FNDA:0,(anonymous_9)
FNDA:0,(anonymous_10)
FNDA:0,(anonymous_11)
FNDA:0,(anonymous_12)
FNDA:0,(anonymous_13)
FNDA:0,(anonymous_14)
FNDA:0,(anonymous_15)
FNDA:0,(anonymous_16)
FNDA:0,(anonymous_17)
FNDA:0,(anonymous_18)
FNDA:0,(anonymous_19)
FNDA:0,(anonymous_20)
FNDA:0,(anonymous_21)
FNDA:0,(anonymous_22)
FNDA:11,(anonymous_23)
FNDA:0,(anonymous_24)
FNDA:0,(anonymous_25)
FNDA:0,(anonymous_26)
FNDA:0,(anonymous_27)
FNDA:0,(anonymous_28)
FNDA:0,(anonymous_29)
FNDA:0,(anonymous_30)
FNDA:0,(anonymous_31)
FNDA:0,(anonymous_32)
FNDA:0,(anonymous_33)
FNDA:0,(anonymous_34)
FNDA:0,(anonymous_35)
FNDA:0,(anonymous_36)
FNDA:0,(anonymous_37)
FNDA:1,(anonymous_38)
FNDA:1,(anonymous_39)
FNDA:1,(anonymous_40)
FNDA:1,(anonymous_41)
FNDA:14,(anonymous_42)
DA:13,10
DA:14,10
DA:32,10
DA:33,10
DA:37,10
DA:38,0
DA:39,0
DA:40,0
DA:45,0
DA:46,0
DA:53,0
DA:57,0
DA:58,0
DA:59,0
DA:60,0
DA:61,0
DA:62,0
DA:66,0
DA:68,0
DA:70,0
DA:71,0
DA:73,0
DA:74,0
DA:76,0
DA:78,0
DA:79,0
DA:80,0
DA:81,0
DA:85,0
DA:86,0
DA:87,0
DA:88,0
DA:89,0
DA:90,0
DA:91,0
DA:92,0
DA:97,0
DA:101,0
DA:108,0
DA:109,0
DA:110,0
DA:115,11
DA:116,0
DA:117,0
DA:118,0
DA:119,0
DA:123,0
DA:124,0
DA:125,0
DA:126,0
DA:132,0
DA:133,0
DA:134,0
DA:135,0
DA:136,0
DA:137,0
DA:139,0
DA:142,0
DA:143,0
DA:144,0
DA:148,0
DA:149,0
DA:151,0
DA:155,0
DA:156,0
DA:160,0
DA:161,0
DA:168,1
DA:174,1
DA:180,1
DA:183,1
DA:187,1
DA:194,14
DA:195,14
DA:196,14
DA:197,11
DA:217,3
DA:218,1
DA:223,2
DA:224,1
DA:239,1
DA:240,1
DA:250,2
LF:83
LH:22
BRDA:68,0,0,0
BRDA:68,0,1,0
BRDA:68,0,2,0
BRDA:155,1,0,0
BRDA:155,1,1,0
BRDA:196,2,0,11
BRDA:196,2,1,3
BRDA:196,3,0,14
BRDA:196,3,1,13
BRDA:196,3,2,12
BRDA:211,4,0,11
BRDA:211,4,1,0
BRDA:217,5,0,1
BRDA:217,5,1,2
BRDA:223,6,0,1
BRDA:223,6,1,1
BRDA:239,7,0,1
BRDA:239,7,1,0
BRF:18
BRH:11
end_of_record
TN:
SF:/Users/ashleylevi/Desktop/module4/cross-poll-fe/components/Loading/Loading.js
FN:4,(anonymous_0)
FNF:1
FNH:1
FNDA:1,(anonymous_0)
DA:4,6
DA:5,1
DA:12,6
LF:3
LH:3
BRF:0
BRH:0
end_of_record
TN:
SF:/Users/ashleylevi/Desktop/module4/cross-poll-fe/components/Login/Login.js
FN:7,(anonymous_0)
FN:22,(anonymous_1)
FN:30,(anonymous_2)
FN:43,(anonymous_3)
FN:44,(anonymous_4)
FN:45,(anonymous_5)
FN:48,(anonymous_6)
FN:59,(anonymous_7)
FN:75,(anonymous_8)
FN:76,(anonymous_9)
FN:77,(anonymous_10)
FN:80,(anonymous_11)
FN:95,(anonymous_12)
FN:105,(anonymous_13)
FN:111,(anonymous_14)
FN:142,(anonymous_15)
FN:149,(anonymous_16)
FN:157,(anonymous_17)
FN:165,(anonymous_18)
FN:172,(anonymous_19)
FN:180,(anonymous_20)
FNF:21
FNH:4
FNDA:4,(anonymous_0)
FNDA:0,(anonymous_1)
FNDA:1,(anonymous_2)
FNDA:0,(anonymous_3)
FNDA:0,(anonymous_4)
FNDA:0,(anonymous_5)
FNDA:0,(anonymous_6)
FNDA:0,(anonymous_7)
FNDA:0,(anonymous_8)
FNDA:0,(anonymous_9)
FNDA:0,(anonymous_10)
FNDA:1,(anonymous_11)
FNDA:0,(anonymous_12)
FNDA:0,(anonymous_13)
FNDA:6,(anonymous_14)
FNDA:0,(anonymous_15)
FNDA:0,(anonymous_16)
FNDA:0,(anonymous_17)
FNDA:0,(anonymous_18)
FNDA:0,(anonymous_19)
FNDA:0,(anonymous_20)
DA:8,4
DA:9,4
DA:23,0
DA:24,0
DA:26,0
DA:31,1
DA:32,1
DA:36,1
DA:43,0
DA:44,0
DA:45,0
DA:49,0
DA:50,0
DA:55,0
DA:60,0
DA:61,0
DA:68,0
DA:75,0
DA:76,0
DA:77,0
DA:81,1
DA:84,1
DA:96,0
DA:97,0
DA:98,0
DA:106,0
DA:112,6
DA:114,6
DA:142,0
DA:149,0
DA:157,0
DA:165,0
DA:172,0
DA:180,0
DA:190,2
LF:35
LH:10
BRDA:23,0,0,0
BRDA:23,0,1,0
BRDA:49,1,0,0
BRDA:49,1,1,0
BRDA:96,2,0,0
BRDA:96,2,1,0
BRDA:97,3,0,0
BRDA:97,3,1,0
BRDA:128,4,0,6
BRDA:128,4,1,0
BRDA:138,5,0,6
BRDA:138,5,1,0
BRDA:145,6,0,6
BRDA:145,6,1,0
BRDA:168,7,0,6
BRDA:168,7,1,0
BRDA:174,8,0,5
BRDA:174,8,1,1
BRF:18
BRH:6
end_of_record
TN:
SF:/Users/ashleylevi/Desktop/module4/cross-poll-fe/components/Pet/Pet.js
FN:10,(anonymous_0)
FN:19,(anonymous_1)
FN:25,(anonymous_2)
FN:41,(anonymous_3)
FN:47,(anonymous_4)
FN:51,(anonymous_5)
FN:56,(anonymous_6)
FN:57,(anonymous_7)
FN:58,(anonymous_8)
FN:61,(anonymous_9)
FN:78,(anonymous_10)
FN:79,(anonymous_11)
FN:80,(anonymous_12)
FN:83,(anonymous_13)
FN:120,(anonymous_14)
FN:121,(anonymous_15)
FNF:16
FNH:2
FNDA:1,(anonymous_0)
FNDA:0,(anonymous_1)
FNDA:0,(anonymous_2)
FNDA:0,(anonymous_3)
FNDA:0,(anonymous_4)
FNDA:0,(anonymous_5)
FNDA:0,(anonymous_6)
FNDA:0,(anonymous_7)
FNDA:0,(anonymous_8)
FNDA:0,(anonymous_9)
FNDA:0,(anonymous_10)
FNDA:0,(anonymous_11)
FNDA:0,(anonymous_12)
FNDA:1,(anonymous_13)
FNDA:0,(anonymous_14)
FNDA:0,(anonymous_15)
DA:11,1
DA:12,1
DA:20,0
DA:26,0
DA:27,0
DA:30,0
DA:31,0
DA:33,0
DA:34,0
DA:36,0
DA:37,0
DA:42,0
DA:43,0
DA:44,0
DA:48,0
DA:52,0
DA:53,0
DA:54,0
DA:55,0
DA:56,0
DA:57,0
DA:58,0
DA:62,0
DA:63,0
DA:64,0
DA:65,0
DA:71,0
DA:78,0
DA:79,0
DA:80,0
DA:84,1
DA:85,0
DA:87,1
DA:88,1
DA:89,1
DA:90,1
DA:91,0
DA:117,1
DA:120,0
DA:121,0
DA:173,3
DA:178,3
LF:42
LH:10
BRDA:31,0,0,0
BRDA:31,0,1,0
BRDA:84,1,0,0
BRDA:84,1,1,1
BRDA:90,2,0,0
BRDA:90,2,1,1
BRF:6
BRH:2
end_of_record
TN:
SF:/Users/ashleylevi/Desktop/module4/cross-poll-fe/components/helpers/helpers.js
FN:1,(anonymous_0)
FN:1,(anonymous_1)
FN:3,(anonymous_2)
FN:3,(anonymous_3)
FN:31,(anonymous_4)
FN:61,(anonymous_5)
FNF:6
FNH:6
FNDA:3,(anonymous_0)
FNDA:15,(anonymous_1)
FNDA:1,(anonymous_2)
FNDA:1,(anonymous_3)
FNDA:1,(anonymous_4)
FNDA:1,(anonymous_5)
DA:1,15
DA:3,6
DA:5,1
DA:6,1
DA:8,0
DA:10,1
DA:31,6
DA:33,1
DA:34,1
DA:36,0
DA:38,1
DA:58,1
DA:61,6
DA:62,1
DA:73,1
LF:15
LH:13
BRDA:5,0,0,1
BRDA:5,0,1,0
BRDA:33,1,0,1
BRDA:33,1,1,0
BRF:4
BRH:2
end_of_record
